Using pre-set license
Built from '2020.3/staging' branch; Version is '2020.3.11f1 (99c7afb366b3) revision 10078127'; Using compiler version '192528614'; Build Type 'Release'
OS: 'Windows 10 Home; OS build 19042.1110; Version 2009; 64bit' Language: 'ko' Physical Memory: 7990 MB
BatchMode: 1, IsHumanControllingUs: 0, StartBugReporterOnCrash: 0, Is64bit: 1, IsPro: 0

 COMMAND LINE ARGUMENTS:
C:\Program Files\Unity\Hub\Editor\2020.3.11f1\Editor\Unity.exe
-adb2
-batchMode
-noUpm
-name
AssetImportWorker0
-projectPath
C:/Users/82104/Desktop/unity_main_study/Study_3D_Game/3DGameProject
-logFile
Logs/AssetImportWorker0.log
-srvPort
57322
Successfully changed project path to: C:/Users/82104/Desktop/unity_main_study/Study_3D_Game/3DGameProject
C:/Users/82104/Desktop/unity_main_study/Study_3D_Game/3DGameProject
Using Asset Import Pipeline V2.
Refreshing native plugins compatible for Editor in 142.33 ms, found 2 plugins.
Preloading 0 native plugins for Editor in 0.00 ms.
Initialize engine version: 2020.3.11f1 (99c7afb366b3)
[Subsystems] Discovering subsystems at path C:/Program Files/Unity/Hub/Editor/2020.3.11f1/Editor/Data/Resources/UnitySubsystems
[Subsystems] Discovering subsystems at path C:/Users/82104/Desktop/unity_main_study/Study_3D_Game/3DGameProject/Assets
GfxDevice: creating device client; threaded=0
Direct3D:
    Version:  Direct3D 11.0 [level 11.1]
    Renderer: NVIDIA GeForce MX250 (ID=0x1d52)
    Vendor:   
    VRAM:     1983 MB
    Driver:   27.21.14.6231
Initialize mono
Mono path[0] = 'C:/Program Files/Unity/Hub/Editor/2020.3.11f1/Editor/Data/Managed'
Mono path[1] = 'C:/Program Files/Unity/Hub/Editor/2020.3.11f1/Editor/Data/MonoBleedingEdge/lib/mono/unityjit'
Mono config path = 'C:/Program Files/Unity/Hub/Editor/2020.3.11f1/Editor/Data/MonoBleedingEdge/etc'
Using monoOptions --debugger-agent=transport=dt_socket,embedding=1,server=y,suspend=n,address=127.0.0.1:56888
Begin MonoManager ReloadAssembly
Registering precompiled unity dll's ...
Register platform support module: C:/Program Files/Unity/Hub/Editor/2020.3.11f1/Editor/Data/PlaybackEngines/WebGLSupport/UnityEditor.WebGL.Extensions.dll
Register platform support module: C:/Program Files/Unity/Hub/Editor/2020.3.11f1/Editor/Data/PlaybackEngines/WindowsStandaloneSupport/UnityEditor.WindowsStandalone.Extensions.dll
Registered in 0.010122 seconds.
Native extension for WindowsStandalone target not found
Native extension for WebGL target not found
Refreshing native plugins compatible for Editor in 105.25 ms, found 2 plugins.
Preloading 0 native plugins for Editor in 0.00 ms.
Mono: successfully reloaded assembly
- Completed reload, in  6.929 seconds
Platform modules already initialized, skipping
Registering precompiled user dll's ...
Registered in 0.025097 seconds.
Begin MonoManager ReloadAssembly
Native extension for WindowsStandalone target not found
Native extension for WebGL target not found
Refreshing native plugins compatible for Editor in 0.96 ms, found 2 plugins.
Preloading 0 native plugins for Editor in 0.00 ms.
Mono: successfully reloaded assembly
- Completed reload, in  3.478 seconds
Platform modules already initialized, skipping
========================================================================
Worker process is ready to serve import requests
Launched and connected shader compiler UnityShaderCompiler.exe after 0.13 seconds
Refreshing native plugins compatible for Editor in 0.63 ms, found 2 plugins.
Preloading 0 native plugins for Editor in 0.00 ms.
Unloading 1388 Unused Serialized files (Serialized files now loaded: 0)
System memory in use before: 68.3 MB.
System memory in use after: 68.3 MB.

Unloading 19 unused Assets to reduce memory usage. Loaded Objects now: 1824.
Total: 3.171300 ms (FindLiveObjects: 0.235500 ms CreateObjectMapping: 0.076900 ms MarkObjects: 2.731200 ms  DeleteObjects: 0.125300 ms)

========================================================================
Received Import Request.
  path: Assets/Core/Animation/PlayerAnimatorController.controller
  artifactKey: Guid(8360fd2187b2ccf4e910cb292f55710e) Importer(815301076,1909f56bfc062723c751e8b465ee728b)
Start importing Assets/Core/Animation/PlayerAnimatorController.controller using Guid(8360fd2187b2ccf4e910cb292f55710e) Importer(815301076,1909f56bfc062723c751e8b465ee728b)  -> (artifact id: '18cefe895ab420999194ad891f3c4542') in 0.058151 seconds
  Import took 0.063609 seconds .

========================================================================
Received Prepare
Registering precompiled user dll's ...
Registered in 0.037781 seconds.
Begin MonoManager ReloadAssembly
Native extension for WindowsStandalone target not found
Native extension for WebGL target not found
Refreshing native plugins compatible for Editor in 0.51 ms, found 2 plugins.
Preloading 0 native plugins for Editor in 0.00 ms.
Mono: successfully reloaded assembly
- Completed reload, in  5.503 seconds
Platform modules already initialized, skipping
Refreshing native plugins compatible for Editor in 0.61 ms, found 2 plugins.
Preloading 0 native plugins for Editor in 0.00 ms.
Unloading 1382 Unused Serialized files (Serialized files now loaded: 0)
System memory in use before: 68.1 MB.
System memory in use after: 68.2 MB.

Unloading 14 unused Assets to reduce memory usage. Loaded Objects now: 1827.
Total: 3.270400 ms (FindLiveObjects: 0.247500 ms CreateObjectMapping: 0.087100 ms MarkObjects: 2.829100 ms  DeleteObjects: 0.104100 ms)

========================================================================
Received Prepare
Registering precompiled user dll's ...
Registered in 0.013367 seconds.
Begin MonoManager ReloadAssembly
Native extension for WindowsStandalone target not found
Native extension for WebGL target not found
Refreshing native plugins compatible for Editor in 0.68 ms, found 2 plugins.
Preloading 0 native plugins for Editor in 0.00 ms.
Mono: successfully reloaded assembly
- Completed reload, in  1.490 seconds
Platform modules already initialized, skipping
Refreshing native plugins compatible for Editor in 0.44 ms, found 2 plugins.
Preloading 0 native plugins for Editor in 0.00 ms.
Unloading 1382 Unused Serialized files (Serialized files now loaded: 0)
System memory in use before: 68.1 MB.
System memory in use after: 68.2 MB.

Unloading 14 unused Assets to reduce memory usage. Loaded Objects now: 1830.
Total: 1.983000 ms (FindLiveObjects: 0.166000 ms CreateObjectMapping: 0.047000 ms MarkObjects: 1.699500 ms  DeleteObjects: 0.068900 ms)

========================================================================
Received Prepare
Registering precompiled user dll's ...
Registered in 0.005197 seconds.
Begin MonoManager ReloadAssembly
Native extension for WindowsStandalone target not found
Native extension for WebGL target not found
Refreshing native plugins compatible for Editor in 0.94 ms, found 2 plugins.
Preloading 0 native plugins for Editor in 0.00 ms.
Mono: successfully reloaded assembly
- Completed reload, in  1.377 seconds
Platform modules already initialized, skipping
Refreshing native plugins compatible for Editor in 0.41 ms, found 2 plugins.
Preloading 0 native plugins for Editor in 0.00 ms.
Unloading 1382 Unused Serialized files (Serialized files now loaded: 0)
System memory in use before: 68.1 MB.
System memory in use after: 68.2 MB.

Unloading 14 unused Assets to reduce memory usage. Loaded Objects now: 1833.
Total: 3.591200 ms (FindLiveObjects: 0.201700 ms CreateObjectMapping: 0.153500 ms MarkObjects: 3.094400 ms  DeleteObjects: 0.138800 ms)

========================================================================
Received Prepare
Registering precompiled user dll's ...
Registered in 0.004620 seconds.
Begin MonoManager ReloadAssembly
Native extension for WindowsStandalone target not found
Native extension for WebGL target not found
Refreshing native plugins compatible for Editor in 0.41 ms, found 2 plugins.
Preloading 0 native plugins for Editor in 0.00 ms.
Mono: successfully reloaded assembly
- Completed reload, in  1.491 seconds
Platform modules already initialized, skipping
Refreshing native plugins compatible for Editor in 1.82 ms, found 2 plugins.
Preloading 0 native plugins for Editor in 0.00 ms.
Unloading 1382 Unused Serialized files (Serialized files now loaded: 0)
System memory in use before: 68.2 MB.
System memory in use after: 68.2 MB.

Unloading 14 unused Assets to reduce memory usage. Loaded Objects now: 1836.
Total: 2.421600 ms (FindLiveObjects: 0.304900 ms CreateObjectMapping: 0.052300 ms MarkObjects: 1.995700 ms  DeleteObjects: 0.066000 ms)

========================================================================
Received Prepare
Registering precompiled user dll's ...
Registered in 0.036229 seconds.
Begin MonoManager ReloadAssembly
Native extension for WindowsStandalone target not found
Native extension for WebGL target not found
Refreshing native plugins compatible for Editor in 1.43 ms, found 2 plugins.
Preloading 0 native plugins for Editor in 0.00 ms.
Mono: successfully reloaded assembly
- Completed reload, in  2.686 seconds
Platform modules already initialized, skipping
Refreshing native plugins compatible for Editor in 0.61 ms, found 2 plugins.
Preloading 0 native plugins for Editor in 0.00 ms.
Unloading 1382 Unused Serialized files (Serialized files now loaded: 0)
System memory in use before: 68.2 MB.
System memory in use after: 68.2 MB.

Unloading 14 unused Assets to reduce memory usage. Loaded Objects now: 1839.
Total: 3.284900 ms (FindLiveObjects: 0.251400 ms CreateObjectMapping: 0.093000 ms MarkObjects: 2.849000 ms  DeleteObjects: 0.089200 ms)

========================================================================
Received Prepare
Registering precompiled user dll's ...
Registered in 0.012497 seconds.
Begin MonoManager ReloadAssembly
Native extension for WindowsStandalone target not found
Native extension for WebGL target not found
Refreshing native plugins compatible for Editor in 1.40 ms, found 2 plugins.
Preloading 0 native plugins for Editor in 0.00 ms.
Mono: successfully reloaded assembly
- Completed reload, in  1.879 seconds
Platform modules already initialized, skipping
Refreshing native plugins compatible for Editor in 0.62 ms, found 2 plugins.
Preloading 0 native plugins for Editor in 0.00 ms.
Unloading 1383 Unused Serialized files (Serialized files now loaded: 0)
System memory in use before: 68.2 MB.
System memory in use after: 68.3 MB.

Unloading 14 unused Assets to reduce memory usage. Loaded Objects now: 1843.
Total: 1.867400 ms (FindLiveObjects: 0.182300 ms CreateObjectMapping: 0.046700 ms MarkObjects: 1.565100 ms  DeleteObjects: 0.071900 ms)

========================================================================
Received Import Request.
  Time since last request: 2822.787720 seconds.
  path: ProjectSettings/TagManager.asset
  artifactKey: Guid(00000000000000003000000000000000) Importer(815301076,1909f56bfc062723c751e8b465ee728b)
Start importing ProjectSettings/TagManager.asset using Guid(00000000000000003000000000000000) Importer(815301076,1909f56bfc062723c751e8b465ee728b)  -> (artifact id: 'ce6a35c3cddc746e7501c0bd0ed6d4ce') in 0.211672 seconds
  Import took 0.220555 seconds .

========================================================================
Received Import Request.
  Time since last request: 64.437015 seconds.
  path: Assets/Scenes/InGameScene
  artifactKey: Guid(73ef3e0a1ffeb3e479f2be5ac0b4f28a) Importer(815301076,1909f56bfc062723c751e8b465ee728b)
Start importing Assets/Scenes/InGameScene using Guid(73ef3e0a1ffeb3e479f2be5ac0b4f28a) Importer(815301076,1909f56bfc062723c751e8b465ee728b)  -> (artifact id: '0068113500bba23edb444dd7593fe596') in 0.006345 seconds
  Import took 0.011090 seconds .

========================================================================
Received Import Request.
  Time since last request: 11.767602 seconds.
  path: Assets/Scenes/InGameScene/Lightmap-1_comp_dir.png
  artifactKey: Guid(e3010f5830f378645b37513435b99bc1) Importer(815301076,1909f56bfc062723c751e8b465ee728b)
Start importing Assets/Scenes/InGameScene/Lightmap-1_comp_dir.png using Guid(e3010f5830f378645b37513435b99bc1) Importer(815301076,1909f56bfc062723c751e8b465ee728b)  -> (artifact id: '5dbae64498c05ed9ece2f8bddda7cef3') in 0.091687 seconds
  Import took 0.095488 seconds .

========================================================================
Received Import Request.
  Time since last request: 0.742725 seconds.
  path: Assets/Scenes/InGameScene/Lightmap-0_comp_dir.png
  artifactKey: Guid(921219ded287c984a8eaf640f69a9586) Importer(815301076,1909f56bfc062723c751e8b465ee728b)
Start importing Assets/Scenes/InGameScene/Lightmap-0_comp_dir.png using Guid(921219ded287c984a8eaf640f69a9586) Importer(815301076,1909f56bfc062723c751e8b465ee728b)  -> (artifact id: 'fcb465028acc60562910889afb4bd884') in 0.015896 seconds
  Import took 0.019318 seconds .

========================================================================
Received Import Request.
  Time since last request: 1.372322 seconds.
  path: Assets/Scenes/InGameScene/Lightmap-1_comp_light.exr
  artifactKey: Guid(90452e0f8be4e6349af785d783d211ae) Importer(815301076,1909f56bfc062723c751e8b465ee728b)
Start importing Assets/Scenes/InGameScene/Lightmap-1_comp_light.exr using Guid(90452e0f8be4e6349af785d783d211ae) Importer(815301076,1909f56bfc062723c751e8b465ee728b)  -> (artifact id: '182a14b2d7a60e3bee5112997d63ca20') in 0.076588 seconds
  Import took 0.080273 seconds .

========================================================================
Received Import Request.
  Time since last request: 0.299369 seconds.
  path: Assets/Scenes/InGameScene/Lightmap-3_comp_dir.png
  artifactKey: Guid(4241a432aecb512458442a64e6c43adf) Importer(815301076,1909f56bfc062723c751e8b465ee728b)
Start importing Assets/Scenes/InGameScene/Lightmap-3_comp_dir.png using Guid(4241a432aecb512458442a64e6c43adf) Importer(815301076,1909f56bfc062723c751e8b465ee728b)  -> (artifact id: 'bf60a027154db26a48d5949980c1033b') in 0.023876 seconds
  Import took 0.029556 seconds .

========================================================================
Received Import Request.
  Time since last request: 0.680126 seconds.
  path: Assets/Scenes/InGameScene/Lightmap-3_comp_light.exr
  artifactKey: Guid(668acaa6d3be55e48bfe2f326ad738fb) Importer(815301076,1909f56bfc062723c751e8b465ee728b)
Start importing Assets/Scenes/InGameScene/Lightmap-3_comp_light.exr using Guid(668acaa6d3be55e48bfe2f326ad738fb) Importer(815301076,1909f56bfc062723c751e8b465ee728b)  -> (artifact id: '969195818a3ab4d22c4d5aa5163efc3f') in 0.048333 seconds
  Import took 0.070760 seconds .

========================================================================
Received Import Request.
  Time since last request: 0.001050 seconds.
  path: Assets/Scenes/InGameScene/Lightmap-3_comp_light.exr
  artifactKey: Guid(668acaa6d3be55e48bfe2f326ad738fb) Importer(815301076,1909f56bfc062723c751e8b465ee728b)
Start importing Assets/Scenes/InGameScene/Lightmap-3_comp_light.exr using Guid(668acaa6d3be55e48bfe2f326ad738fb) Importer(815301076,1909f56bfc062723c751e8b465ee728b)  -> (artifact id: '969195818a3ab4d22c4d5aa5163efc3f') in 0.020004 seconds
  Import took 0.024551 seconds .

========================================================================
Received Import Request.
  Time since last request: 0.447132 seconds.
  path: Assets/Scenes/InGameScene/Lightmap-4_comp_dir.png
  artifactKey: Guid(f4a70e1657d707b4fbb6587d0cd85f5b) Importer(815301076,1909f56bfc062723c751e8b465ee728b)
Start importing Assets/Scenes/InGameScene/Lightmap-4_comp_dir.png using Guid(f4a70e1657d707b4fbb6587d0cd85f5b) Importer(815301076,1909f56bfc062723c751e8b465ee728b)  -> (artifact id: 'c573d7f9ca86d8204e4f207a6ad47d7b') in 0.025423 seconds
  Import took 0.030842 seconds .

========================================================================
Received Import Request.
  Time since last request: 0.994166 seconds.
  path: Assets/Scenes/InGameScene/Lightmap-5_comp_dir.png
  artifactKey: Guid(3a0dccfb70e3a3b42bfbcdb9beee8dec) Importer(815301076,1909f56bfc062723c751e8b465ee728b)
Start importing Assets/Scenes/InGameScene/Lightmap-5_comp_dir.png using Guid(3a0dccfb70e3a3b42bfbcdb9beee8dec) Importer(815301076,1909f56bfc062723c751e8b465ee728b)  -> (artifact id: '0a29ea5f43ad133b9903e47bae265c9f') in 0.031707 seconds
  Import took 0.035265 seconds .

========================================================================
Received Import Request.
  Time since last request: 0.606759 seconds.
  path: Assets/Scenes/InGameScene/Lightmap-5_comp_light.exr
  artifactKey: Guid(732b15fe727cd144abb2b34bb22f6d9c) Importer(815301076,1909f56bfc062723c751e8b465ee728b)
Start importing Assets/Scenes/InGameScene/Lightmap-5_comp_light.exr using Guid(732b15fe727cd144abb2b34bb22f6d9c) Importer(815301076,1909f56bfc062723c751e8b465ee728b)  -> (artifact id: '765358587be3a7dd6260ff3a410bdb38') in 0.025271 seconds
  Import took 0.030454 seconds .

========================================================================
Received Import Request.
  Time since last request: 2.151987 seconds.
  path: Assets/Scenes/InGameScene/Lightmap-2_comp_light.exr
  artifactKey: Guid(bd9013898f7908c4e8971f6eb1995500) Importer(815301076,1909f56bfc062723c751e8b465ee728b)
Start importing Assets/Scenes/InGameScene/Lightmap-2_comp_light.exr using Guid(bd9013898f7908c4e8971f6eb1995500) Importer(815301076,1909f56bfc062723c751e8b465ee728b)  -> (artifact id: '578c876c0c0646d991dcf7c6e28d4d9d') in 0.016373 seconds
  Import took 0.019671 seconds .

========================================================================
Received Prepare
Registering precompiled user dll's ...
Registered in 0.009527 seconds.
Begin MonoManager ReloadAssembly
Native extension for WindowsStandalone target not found
Native extension for WebGL target not found
Refreshing native plugins compatible for Editor in 0.70 ms, found 2 plugins.
Preloading 0 native plugins for Editor in 0.00 ms.
Mono: successfully reloaded assembly
- Completed reload, in  1.860 seconds
Platform modules already initialized, skipping
Refreshing native plugins compatible for Editor in 0.42 ms, found 2 plugins.
Preloading 0 native plugins for Editor in 0.00 ms.
Unloading 1383 Unused Serialized files (Serialized files now loaded: 0)
System memory in use before: 71.3 MB.
System memory in use after: 71.4 MB.

Unloading 15 unused Assets to reduce memory usage. Loaded Objects now: 1851.
Total: 1.983100 ms (FindLiveObjects: 0.148200 ms CreateObjectMapping: 0.039000 ms MarkObjects: 1.708300 ms  DeleteObjects: 0.086400 ms)

========================================================================
Received Prepare
Registering precompiled user dll's ...
Registered in 0.014680 seconds.
Begin MonoManager ReloadAssembly
Native extension for WindowsStandalone target not found
Native extension for WebGL target not found
Refreshing native plugins compatible for Editor in 0.42 ms, found 2 plugins.
Preloading 0 native plugins for Editor in 0.00 ms.
Mono: successfully reloaded assembly
- Completed reload, in  1.615 seconds
Platform modules already initialized, skipping
Refreshing native plugins compatible for Editor in 0.66 ms, found 2 plugins.
Preloading 0 native plugins for Editor in 0.00 ms.
Unloading 1384 Unused Serialized files (Serialized files now loaded: 0)
System memory in use before: 71.3 MB.
System memory in use after: 71.4 MB.

Unloading 14 unused Assets to reduce memory usage. Loaded Objects now: 1855.
Total: 2.924700 ms (FindLiveObjects: 0.474200 ms CreateObjectMapping: 0.193700 ms MarkObjects: 2.181900 ms  DeleteObjects: 0.069900 ms)

========================================================================
Received Prepare
Registering precompiled user dll's ...
Registered in 0.005743 seconds.
Begin MonoManager ReloadAssembly
Native extension for WindowsStandalone target not found
Native extension for WebGL target not found
Refreshing native plugins compatible for Editor in 0.45 ms, found 2 plugins.
Preloading 0 native plugins for Editor in 0.00 ms.
Mono: successfully reloaded assembly
- Completed reload, in  1.959 seconds
Platform modules already initialized, skipping
Refreshing native plugins compatible for Editor in 0.47 ms, found 2 plugins.
Preloading 0 native plugins for Editor in 0.00 ms.
Unloading 1384 Unused Serialized files (Serialized files now loaded: 0)
System memory in use before: 71.3 MB.
System memory in use after: 71.4 MB.

Unloading 14 unused Assets to reduce memory usage. Loaded Objects now: 1858.
Total: 3.943500 ms (FindLiveObjects: 0.402500 ms CreateObjectMapping: 0.091000 ms MarkObjects: 3.342200 ms  DeleteObjects: 0.104800 ms)

========================================================================
Received Prepare
Registering precompiled user dll's ...
Registered in 0.004924 seconds.
Begin MonoManager ReloadAssembly
Native extension for WindowsStandalone target not found
Native extension for WebGL target not found
Refreshing native plugins compatible for Editor in 0.46 ms, found 2 plugins.
Preloading 0 native plugins for Editor in 0.00 ms.
Mono: successfully reloaded assembly
- Completed reload, in  1.611 seconds
Platform modules already initialized, skipping
Refreshing native plugins compatible for Editor in 0.45 ms, found 2 plugins.
Preloading 0 native plugins for Editor in 0.00 ms.
Unloading 1384 Unused Serialized files (Serialized files now loaded: 0)
System memory in use before: 71.3 MB.
System memory in use after: 71.4 MB.

Unloading 14 unused Assets to reduce memory usage. Loaded Objects now: 1861.
Total: 2.222600 ms (FindLiveObjects: 0.176200 ms CreateObjectMapping: 0.054800 ms MarkObjects: 1.919200 ms  DeleteObjects: 0.071300 ms)

========================================================================
Received Prepare
Registering precompiled user dll's ...
Registered in 0.009156 seconds.
Begin MonoManager ReloadAssembly
Native extension for WindowsStandalone target not found
Native extension for WebGL target not found
Refreshing native plugins compatible for Editor in 1.40 ms, found 2 plugins.
Preloading 0 native plugins for Editor in 0.00 ms.
Mono: successfully reloaded assembly
- Completed reload, in  1.488 seconds
Platform modules already initialized, skipping
Refreshing native plugins compatible for Editor in 0.76 ms, found 2 plugins.
Preloading 0 native plugins for Editor in 0.00 ms.
Unloading 1384 Unused Serialized files (Serialized files now loaded: 0)
System memory in use before: 71.3 MB.
System memory in use after: 71.4 MB.

Unloading 14 unused Assets to reduce memory usage. Loaded Objects now: 1864.
Total: 2.140000 ms (FindLiveObjects: 0.177200 ms CreateObjectMapping: 0.052400 ms MarkObjects: 1.844200 ms  DeleteObjects: 0.064800 ms)

========================================================================
Received Prepare
Registering precompiled user dll's ...
Registered in 0.007778 seconds.
Begin MonoManager ReloadAssembly
Native extension for WindowsStandalone target not found
Native extension for WebGL target not found
Refreshing native plugins compatible for Editor in 0.42 ms, found 2 plugins.
Preloading 0 native plugins for Editor in 0.00 ms.
Mono: successfully reloaded assembly
- Completed reload, in  1.530 seconds
Platform modules already initialized, skipping
Refreshing native plugins compatible for Editor in 0.40 ms, found 2 plugins.
Preloading 0 native plugins for Editor in 0.00 ms.
Unloading 1384 Unused Serialized files (Serialized files now loaded: 0)
System memory in use before: 71.3 MB.
System memory in use after: 71.4 MB.

Unloading 14 unused Assets to reduce memory usage. Loaded Objects now: 1867.
Total: 6.993200 ms (FindLiveObjects: 0.798700 ms CreateObjectMapping: 0.413700 ms MarkObjects: 5.601600 ms  DeleteObjects: 0.172700 ms)

========================================================================
Received Prepare
Registering precompiled user dll's ...
Registered in 0.025989 seconds.
Begin MonoManager ReloadAssembly
Native extension for WindowsStandalone target not found
Native extension for WebGL target not found
Refreshing native plugins compatible for Editor in 0.78 ms, found 2 plugins.
Preloading 0 native plugins for Editor in 0.00 ms.
Mono: successfully reloaded assembly
- Completed reload, in  1.263 seconds
Platform modules already initialized, skipping
Refreshing native plugins compatible for Editor in 0.50 ms, found 2 plugins.
Preloading 0 native plugins for Editor in 0.00 ms.
Unloading 1384 Unused Serialized files (Serialized files now loaded: 0)
System memory in use before: 71.3 MB.
System memory in use after: 71.4 MB.

Unloading 14 unused Assets to reduce memory usage. Loaded Objects now: 1870.
Total: 1.977700 ms (FindLiveObjects: 0.161700 ms CreateObjectMapping: 0.044400 ms MarkObjects: 1.706200 ms  DeleteObjects: 0.064500 ms)

========================================================================
Received Prepare
Registering precompiled user dll's ...
Registered in 0.006328 seconds.
Begin MonoManager ReloadAssembly
Native extension for WindowsStandalone target not found
Native extension for WebGL target not found
Refreshing native plugins compatible for Editor in 0.41 ms, found 2 plugins.
Preloading 0 native plugins for Editor in 0.00 ms.
Mono: successfully reloaded assembly
- Completed reload, in  1.329 seconds
Platform modules already initialized, skipping
Refreshing native plugins compatible for Editor in 0.43 ms, found 2 plugins.
Preloading 0 native plugins for Editor in 0.00 ms.
Unloading 1384 Unused Serialized files (Serialized files now loaded: 0)
System memory in use before: 71.4 MB.
System memory in use after: 71.4 MB.

Unloading 14 unused Assets to reduce memory usage. Loaded Objects now: 1873.
Total: 4.127800 ms (FindLiveObjects: 0.529900 ms CreateObjectMapping: 0.214100 ms MarkObjects: 3.089300 ms  DeleteObjects: 0.285600 ms)

========================================================================
Received Prepare
Registering precompiled user dll's ...
Registered in 0.011244 seconds.
Begin MonoManager ReloadAssembly
Native extension for WindowsStandalone target not found
Native extension for WebGL target not found
Refreshing native plugins compatible for Editor in 0.60 ms, found 2 plugins.
Preloading 0 native plugins for Editor in 0.00 ms.
Mono: successfully reloaded assembly
- Completed reload, in  1.248 seconds
Platform modules already initialized, skipping
Refreshing native plugins compatible for Editor in 0.41 ms, found 2 plugins.
Preloading 0 native plugins for Editor in 0.00 ms.
Unloading 1384 Unused Serialized files (Serialized files now loaded: 0)
System memory in use before: 71.4 MB.
System memory in use after: 71.4 MB.

Unloading 14 unused Assets to reduce memory usage. Loaded Objects now: 1876.
Total: 2.084400 ms (FindLiveObjects: 0.172400 ms CreateObjectMapping: 0.045400 ms MarkObjects: 1.797100 ms  DeleteObjects: 0.068100 ms)

========================================================================
Received Prepare
Registering precompiled user dll's ...
Registered in 0.013680 seconds.
Begin MonoManager ReloadAssembly
Native extension for WindowsStandalone target not found
Native extension for WebGL target not found
Refreshing native plugins compatible for Editor in 0.83 ms, found 2 plugins.
Preloading 0 native plugins for Editor in 0.00 ms.
Mono: successfully reloaded assembly
- Completed reload, in  2.027 seconds
Platform modules already initialized, skipping
Refreshing native plugins compatible for Editor in 2.63 ms, found 2 plugins.
Preloading 0 native plugins for Editor in 0.00 ms.
Unloading 1384 Unused Serialized files (Serialized files now loaded: 0)
System memory in use before: 71.4 MB.
System memory in use after: 71.4 MB.

Unloading 14 unused Assets to reduce memory usage. Loaded Objects now: 1879.
Total: 3.591900 ms (FindLiveObjects: 0.533100 ms CreateObjectMapping: 0.132200 ms MarkObjects: 2.738600 ms  DeleteObjects: 0.185300 ms)

========================================================================
Received Import Request.
  Time since last request: 1859.658020 seconds.
  path: Assets/Scripts/Managers
  artifactKey: Guid(243938b42d6c57d4abb808555941df4b) Importer(815301076,1909f56bfc062723c751e8b465ee728b)
Start importing Assets/Scripts/Managers using Guid(243938b42d6c57d4abb808555941df4b) Importer(815301076,1909f56bfc062723c751e8b465ee728b)  -> (artifact id: '333277ce9307b56f1083143df128359d') in 0.028688 seconds
  Import took 0.037264 seconds .

========================================================================
Received Prepare
Registering precompiled user dll's ...
Registered in 0.005069 seconds.
Begin MonoManager ReloadAssembly
Native extension for WindowsStandalone target not found
Native extension for WebGL target not found
Refreshing native plugins compatible for Editor in 0.85 ms, found 2 plugins.
Preloading 0 native plugins for Editor in 0.00 ms.
Mono: successfully reloaded assembly
- Completed reload, in  1.494 seconds
Platform modules already initialized, skipping
Refreshing native plugins compatible for Editor in 0.44 ms, found 2 plugins.
Preloading 0 native plugins for Editor in 0.00 ms.
Unloading 1385 Unused Serialized files (Serialized files now loaded: 0)
System memory in use before: 71.4 MB.
System memory in use after: 71.5 MB.

Unloading 14 unused Assets to reduce memory usage. Loaded Objects now: 1883.
Total: 2.146100 ms (FindLiveObjects: 0.194700 ms CreateObjectMapping: 0.082800 ms MarkObjects: 1.752200 ms  DeleteObjects: 0.097000 ms)

========================================================================
Received Import Request.
  Time since last request: 317.838456 seconds.
  path: Assets/POLYGON weapons/Assets_official/Equipment_assets/laser_a_prefab.prefab
  artifactKey: Guid(751801598d45de1419213eed37b54f72) Importer(815301076,1909f56bfc062723c751e8b465ee728b)
Start importing Assets/POLYGON weapons/Assets_official/Equipment_assets/laser_a_prefab.prefab using Guid(751801598d45de1419213eed37b54f72) Importer(815301076,1909f56bfc062723c751e8b465ee728b)  -> (artifact id: '8051ca3715ad5c49a765a067bed0b10f') in 0.488231 seconds
  Import took 0.492528 seconds .

========================================================================
Received Import Request.
  Time since last request: 0.263771 seconds.
  path: Assets/POLYGON weapons/Assets_official/Equipment_assets/lamp_laser_a_prefab.prefab
  artifactKey: Guid(41171b73986a29e40aac4ae0eeb045fd) Importer(815301076,1909f56bfc062723c751e8b465ee728b)
Start importing Assets/POLYGON weapons/Assets_official/Equipment_assets/lamp_laser_a_prefab.prefab using Guid(41171b73986a29e40aac4ae0eeb045fd) Importer(815301076,1909f56bfc062723c751e8b465ee728b)  -> (artifact id: 'dd25c1a0b15c5637fe204e4433c3a4fb') in 0.023655 seconds
  Import took 0.028732 seconds .

========================================================================
Received Import Request.
  Time since last request: 0.357417 seconds.
  path: Assets/POLYGON weapons/Assets_official/Equipment_assets/lamp_a_prefab.prefab
  artifactKey: Guid(b8fa9f4e5c4ee7741a5ee841b714ff17) Importer(815301076,1909f56bfc062723c751e8b465ee728b)
Start importing Assets/POLYGON weapons/Assets_official/Equipment_assets/lamp_a_prefab.prefab using Guid(b8fa9f4e5c4ee7741a5ee841b714ff17) Importer(815301076,1909f56bfc062723c751e8b465ee728b)  -> (artifact id: 'a04f245a9d7951466cfe6ae7f1fe3d02') in 0.024067 seconds
  Import took 0.028817 seconds .

========================================================================
Received Import Request.
  Time since last request: 0.353519 seconds.
  path: Assets/POLYGON weapons/Assets_official/Equipment_assets/red_dot_d_prefab.prefab
  artifactKey: Guid(ddb93efe74bade049bccef0ed5f14890) Importer(815301076,1909f56bfc062723c751e8b465ee728b)
Start importing Assets/POLYGON weapons/Assets_official/Equipment_assets/red_dot_d_prefab.prefab using Guid(ddb93efe74bade049bccef0ed5f14890) Importer(815301076,1909f56bfc062723c751e8b465ee728b)  -> (artifact id: '4f9ea9215ec6a8c4fe0a5d0b3a4213e3') in 0.297025 seconds
  Import took 0.302560 seconds .

========================================================================
Received Import Request.
  Time since last request: 0.020327 seconds.
  path: Assets/POLYGON weapons/Assets_official/Equipment_assets/red_dot_d_prefab.prefab
  artifactKey: Guid(ddb93efe74bade049bccef0ed5f14890) Importer(815301076,1909f56bfc062723c751e8b465ee728b)
Start importing Assets/POLYGON weapons/Assets_official/Equipment_assets/red_dot_d_prefab.prefab using Guid(ddb93efe74bade049bccef0ed5f14890) Importer(815301076,1909f56bfc062723c751e8b465ee728b)  -> (artifact id: '4f9ea9215ec6a8c4fe0a5d0b3a4213e3') in 0.018831 seconds
  Import took 0.022552 seconds .

========================================================================
Received Import Request.
  Time since last request: 0.041587 seconds.
  path: Assets/POLYGON weapons/Assets_official/Equipment_assets/suppressor_a_prefab.prefab
  artifactKey: Guid(1e59df50807b0a74c82484ec2e9809fd) Importer(815301076,1909f56bfc062723c751e8b465ee728b)
Start importing Assets/POLYGON weapons/Assets_official/Equipment_assets/suppressor_a_prefab.prefab using Guid(1e59df50807b0a74c82484ec2e9809fd) Importer(815301076,1909f56bfc062723c751e8b465ee728b)  -> (artifact id: '17d0aa5fb235f40cbf3c2c454ff9923c') in 0.019343 seconds
  Import took 0.022780 seconds .

========================================================================
Received Import Request.
  Time since last request: 0.917614 seconds.
  path: Assets/POLYGON weapons/Assets_official/Equipment_assets/suppressor_c_prefab.prefab
  artifactKey: Guid(ee17032d57e5de849b25c4adb62dc1b2) Importer(815301076,1909f56bfc062723c751e8b465ee728b)
Start importing Assets/POLYGON weapons/Assets_official/Equipment_assets/suppressor_c_prefab.prefab using Guid(ee17032d57e5de849b25c4adb62dc1b2) Importer(815301076,1909f56bfc062723c751e8b465ee728b)  -> (artifact id: 'edb788577d451b4fe4cb63b9e46a8fe1') in 0.020241 seconds
  Import took 0.024554 seconds .

========================================================================
Received Import Request.
  Time since last request: 2.233628 seconds.
  path: Assets/POLYGON weapons/Assets_official/FBXTexMat/POLYGON weapons pack
  artifactKey: Guid(323f259507ac885449afc2dc219bc9a2) Importer(815301076,1909f56bfc062723c751e8b465ee728b)
Start importing Assets/POLYGON weapons/Assets_official/FBXTexMat/POLYGON weapons pack using Guid(323f259507ac885449afc2dc219bc9a2) Importer(815301076,1909f56bfc062723c751e8b465ee728b)  -> (artifact id: '1936479d82a1f32628d5c7d7f0376ddc') in 0.004646 seconds
  Import took 0.008251 seconds .

========================================================================
Received Import Request.
  Time since last request: 3.713614 seconds.
  path: Assets/POLYGON weapons/Assets_official/FBXTexMat/POLYGON weapons pack/Assault57
  artifactKey: Guid(b02d584fe5ece7a4598c814f6157f337) Importer(815301076,1909f56bfc062723c751e8b465ee728b)
Start importing Assets/POLYGON weapons/Assets_official/FBXTexMat/POLYGON weapons pack/Assault57 using Guid(b02d584fe5ece7a4598c814f6157f337) Importer(815301076,1909f56bfc062723c751e8b465ee728b)  -> (artifact id: 'faeb220bb5a2f98d2c37c29d7b4d9cb8') in 0.010691 seconds
  Import took 0.014702 seconds .

========================================================================
Received Import Request.
  Time since last request: 1.241463 seconds.
  path: Assets/POLYGON weapons/Assets_official/FBXTexMat/POLYGON weapons pack/Assault57/Assault57.fbx
  artifactKey: Guid(963dece3cc213944f8be2538e4daaef9) Importer(815301076,1909f56bfc062723c751e8b465ee728b)
Start importing Assets/POLYGON weapons/Assets_official/FBXTexMat/POLYGON weapons pack/Assault57/Assault57.fbx using Guid(963dece3cc213944f8be2538e4daaef9) Importer(815301076,1909f56bfc062723c751e8b465ee728b)  -> (artifact id: '2b1821862f8802024c94fa77f9e67fd7') in 0.183872 seconds
  Import took 0.187205 seconds .

========================================================================
Received Import Request.
  Time since last request: 6.635973 seconds.
  path: Assets/POLYGON weapons/Assets_official/FBXTexMat/POLYGON weapons pack/Buzzsub
  artifactKey: Guid(52f4ca480fd1559479ab9d7f937b05c9) Importer(815301076,1909f56bfc062723c751e8b465ee728b)
Start importing Assets/POLYGON weapons/Assets_official/FBXTexMat/POLYGON weapons pack/Buzzsub using Guid(52f4ca480fd1559479ab9d7f937b05c9) Importer(815301076,1909f56bfc062723c751e8b465ee728b)  -> (artifact id: 'fcbab934c3ef284bb4aa3d78784222aa') in 0.005578 seconds
  Import took 0.010094 seconds .

========================================================================
Received Import Request.
  Time since last request: 0.856423 seconds.
  path: Assets/POLYGON weapons/Assets_official/FBXTexMat/POLYGON weapons pack/bullet_shells_fbxTexMat
  artifactKey: Guid(738dca4628ebf2845a85c2b77c177e90) Importer(815301076,1909f56bfc062723c751e8b465ee728b)
Start importing Assets/POLYGON weapons/Assets_official/FBXTexMat/POLYGON weapons pack/bullet_shells_fbxTexMat using Guid(738dca4628ebf2845a85c2b77c177e90) Importer(815301076,1909f56bfc062723c751e8b465ee728b)  -> (artifact id: 'd0a69ae974ee7835f90537c8ec752c45') in 0.005799 seconds
  Import took 0.008973 seconds .

========================================================================
Received Import Request.
  Time since last request: 2.691495 seconds.
  path: Assets/POLYGON weapons/Assets_official/FBXTexMat/POLYGON weapons pack/Buzzsub/Buzzsub_b.png
  artifactKey: Guid(f28a71b4fe0cec94d85c604520fd4379) Importer(815301076,1909f56bfc062723c751e8b465ee728b)
Start importing Assets/POLYGON weapons/Assets_official/FBXTexMat/POLYGON weapons pack/Buzzsub/Buzzsub_b.png using Guid(f28a71b4fe0cec94d85c604520fd4379) Importer(815301076,1909f56bfc062723c751e8b465ee728b)  -> (artifact id: '0f2d9d5a3fe334a8fa958b874e5604d5') in 0.020553 seconds
  Import took 0.024963 seconds .

========================================================================
Received Import Request.
  Time since last request: 0.045189 seconds.
  path: Assets/POLYGON weapons/Assets_official/FBXTexMat/POLYGON weapons pack/Buzzsub/Buzzsub_b.png
  artifactKey: Guid(f28a71b4fe0cec94d85c604520fd4379) Importer(815301076,1909f56bfc062723c751e8b465ee728b)
Start importing Assets/POLYGON weapons/Assets_official/FBXTexMat/POLYGON weapons pack/Buzzsub/Buzzsub_b.png using Guid(f28a71b4fe0cec94d85c604520fd4379) Importer(815301076,1909f56bfc062723c751e8b465ee728b)  -> (artifact id: '0f2d9d5a3fe334a8fa958b874e5604d5') in 0.011526 seconds
  Import took 0.013981 seconds .

========================================================================
Received Import Request.
  Time since last request: 0.493731 seconds.
  path: Assets/POLYGON weapons/Assets_official/FBXTexMat/POLYGON weapons pack/Buzzsub/Buzzsub.fbx
  artifactKey: Guid(afa1bf33e107c7e4c8f5105acf7537b2) Importer(815301076,1909f56bfc062723c751e8b465ee728b)
Start importing Assets/POLYGON weapons/Assets_official/FBXTexMat/POLYGON weapons pack/Buzzsub/Buzzsub.fbx using Guid(afa1bf33e107c7e4c8f5105acf7537b2) Importer(815301076,1909f56bfc062723c751e8b465ee728b)  -> (artifact id: '9cabf5fc180c4a4df1eb9063dfc962b8') in 0.261693 seconds
  Import took 0.269346 seconds .

========================================================================
Received Import Request.
  Time since last request: 3.656177 seconds.
  path: Assets/POLYGON weapons/Assets_official/bullet_shells_assets
  artifactKey: Guid(dd7e7f789290f724db1193d4999ee663) Importer(815301076,1909f56bfc062723c751e8b465ee728b)
Start importing Assets/POLYGON weapons/Assets_official/bullet_shells_assets using Guid(dd7e7f789290f724db1193d4999ee663) Importer(815301076,1909f56bfc062723c751e8b465ee728b)  -> (artifact id: 'b4239cae3eaa9ef0d5d9aa09b0167267') in 0.006849 seconds
  Import took 0.012479 seconds .

========================================================================
Received Import Request.
  Time since last request: 2.571056 seconds.
  path: Assets/POLYGON weapons/Assets_official/Assault57_prefab.prefab
  artifactKey: Guid(4cc482e6e01b5b7449631984e78eb89f) Importer(815301076,1909f56bfc062723c751e8b465ee728b)
Start importing Assets/POLYGON weapons/Assets_official/Assault57_prefab.prefab using Guid(4cc482e6e01b5b7449631984e78eb89f) Importer(815301076,1909f56bfc062723c751e8b465ee728b)  -> (artifact id: 'c37f188273e76072ca961f8b7f24a4dd') in 0.125670 seconds
  Import took 0.135283 seconds .

========================================================================
Received Import Request.
  Time since last request: 958.843791 seconds.
  path: Assets/Resources/Weapon
  artifactKey: Guid(00fe98e3a7baf4f438361feb28bd848d) Importer(815301076,1909f56bfc062723c751e8b465ee728b)
Start importing Assets/Resources/Weapon using Guid(00fe98e3a7baf4f438361feb28bd848d) Importer(815301076,1909f56bfc062723c751e8b465ee728b)  -> (artifact id: '99852f3f907398bf3fb419250d7c91fb') in 0.015952 seconds
  Import took 0.022520 seconds .

========================================================================
Received Import Request.
  Time since last request: 14.706338 seconds.
  path: Assets/Resources/Weapon/DefaultWeapon
  artifactKey: Guid(102825641a601c84c82f160b8e1f4a57) Importer(815301076,1909f56bfc062723c751e8b465ee728b)
Start importing Assets/Resources/Weapon/DefaultWeapon using Guid(102825641a601c84c82f160b8e1f4a57) Importer(815301076,1909f56bfc062723c751e8b465ee728b)  -> (artifact id: '7dc0ec05e53759be41d87a6167e68202') in 0.006642 seconds
  Import took 0.011367 seconds .

========================================================================
Received Import Request.
  Time since last request: 47.793077 seconds.
  path: Assets/Resources/Weapon/DefaultWeapon.prefab
  artifactKey: Guid(a2649b292c3531c40b5ce960d03501ff) Importer(815301076,1909f56bfc062723c751e8b465ee728b)
Start importing Assets/Resources/Weapon/DefaultWeapon.prefab using Guid(a2649b292c3531c40b5ce960d03501ff) Importer(815301076,1909f56bfc062723c751e8b465ee728b)  -> (artifact id: 'cb1f792ac85a6e4710977027d0602e95') in 0.116314 seconds
  Import took 0.122523 seconds .

========================================================================
Received Import Request.
  Time since last request: 87.426801 seconds.
  path: Assets/Resources/Weapon/DefaultWeapon/DefaultWeapon.prefab
  artifactKey: Guid(a2649b292c3531c40b5ce960d03501ff) Importer(815301076,1909f56bfc062723c751e8b465ee728b)
Start importing Assets/Resources/Weapon/DefaultWeapon/DefaultWeapon.prefab using Guid(a2649b292c3531c40b5ce960d03501ff) Importer(815301076,1909f56bfc062723c751e8b465ee728b)  -> (artifact id: 'ef83d0d966a6eca3f0f8392560c4ed58') in 0.017753 seconds
  Import took 0.022358 seconds .

========================================================================
Received Prepare
Registering precompiled user dll's ...
Registered in 0.072413 seconds.
Begin MonoManager ReloadAssembly
Native extension for WindowsStandalone target not found
Native extension for WebGL target not found
Refreshing native plugins compatible for Editor in 0.76 ms, found 2 plugins.
Preloading 0 native plugins for Editor in 0.00 ms.
Mono: successfully reloaded assembly
- Completed reload, in  4.391 seconds
Platform modules already initialized, skipping
Refreshing native plugins compatible for Editor in 1.72 ms, found 2 plugins.
Preloading 0 native plugins for Editor in 0.00 ms.
Unloading 1385 Unused Serialized files (Serialized files now loaded: 0)
System memory in use before: 85.6 MB.
System memory in use after: 85.6 MB.

Unloading 18 unused Assets to reduce memory usage. Loaded Objects now: 1929.
Total: 10.244700 ms (FindLiveObjects: 0.377600 ms CreateObjectMapping: 0.168600 ms MarkObjects: 8.894800 ms  DeleteObjects: 0.799900 ms)

========================================================================
Received Prepare
Registering precompiled user dll's ...
Registered in 0.058665 seconds.
Begin MonoManager ReloadAssembly
Native extension for WindowsStandalone target not found
Native extension for WebGL target not found
Refreshing native plugins compatible for Editor in 0.99 ms, found 2 plugins.
Preloading 0 native plugins for Editor in 0.00 ms.
Mono: successfully reloaded assembly
- Completed reload, in  3.081 seconds
Platform modules already initialized, skipping
Refreshing native plugins compatible for Editor in 0.69 ms, found 2 plugins.
Preloading 0 native plugins for Editor in 0.00 ms.
Unloading 1387 Unused Serialized files (Serialized files now loaded: 0)
System memory in use before: 85.6 MB.
System memory in use after: 85.7 MB.

Unloading 14 unused Assets to reduce memory usage. Loaded Objects now: 1934.
Total: 9.272800 ms (FindLiveObjects: 0.824700 ms CreateObjectMapping: 0.170000 ms MarkObjects: 7.701200 ms  DeleteObjects: 0.573300 ms)

========================================================================
Received Prepare
Registering precompiled user dll's ...
Registered in 0.010871 seconds.
Begin MonoManager ReloadAssembly
Native extension for WindowsStandalone target not found
Native extension for WebGL target not found
Refreshing native plugins compatible for Editor in 0.73 ms, found 2 plugins.
Preloading 0 native plugins for Editor in 0.00 ms.
Mono: successfully reloaded assembly
- Completed reload, in  2.499 seconds
Platform modules already initialized, skipping
Refreshing native plugins compatible for Editor in 0.60 ms, found 2 plugins.
Preloading 0 native plugins for Editor in 0.00 ms.
Unloading 1387 Unused Serialized files (Serialized files now loaded: 0)
System memory in use before: 85.6 MB.
System memory in use after: 85.7 MB.

Unloading 14 unused Assets to reduce memory usage. Loaded Objects now: 1937.
Total: 3.818100 ms (FindLiveObjects: 0.268900 ms CreateObjectMapping: 0.094600 ms MarkObjects: 3.364700 ms  DeleteObjects: 0.087600 ms)

========================================================================
Received Prepare
Registering precompiled user dll's ...
Registered in 0.011705 seconds.
Begin MonoManager ReloadAssembly
Native extension for WindowsStandalone target not found
Native extension for WebGL target not found
Refreshing native plugins compatible for Editor in 0.73 ms, found 2 plugins.
Preloading 0 native plugins for Editor in 0.00 ms.
Mono: successfully reloaded assembly
- Completed reload, in  2.020 seconds
Platform modules already initialized, skipping
Refreshing native plugins compatible for Editor in 0.39 ms, found 2 plugins.
Preloading 0 native plugins for Editor in 0.00 ms.
Unloading 1391 Unused Serialized files (Serialized files now loaded: 0)
System memory in use before: 85.7 MB.
System memory in use after: 85.8 MB.

Unloading 14 unused Assets to reduce memory usage. Loaded Objects now: 1944.
Total: 3.507100 ms (FindLiveObjects: 0.276200 ms CreateObjectMapping: 0.084600 ms MarkObjects: 2.760800 ms  DeleteObjects: 0.383300 ms)

========================================================================
Received Import Request.
  Time since last request: 4755.625526 seconds.
  path: Assets/Scripts/Items
  artifactKey: Guid(4c39105959181f84a852fe64a67a6984) Importer(815301076,1909f56bfc062723c751e8b465ee728b)
Start importing Assets/Scripts/Items using Guid(4c39105959181f84a852fe64a67a6984) Importer(815301076,1909f56bfc062723c751e8b465ee728b)  -> (artifact id: 'b663b16a243d6ca309f2159978e95d2c') in 0.011706 seconds
  Import took 0.016021 seconds .

========================================================================
Received Import Request.
  Time since last request: 1.013041 seconds.
  path: Assets/Scripts/Items/Weapons
  artifactKey: Guid(0da59648acb39fc488906bc1aed3fc84) Importer(815301076,1909f56bfc062723c751e8b465ee728b)
Start importing Assets/Scripts/Items/Weapons using Guid(0da59648acb39fc488906bc1aed3fc84) Importer(815301076,1909f56bfc062723c751e8b465ee728b)  -> (artifact id: '866a7f54aaddfa77d9f0c95733495028') in 0.006833 seconds
  Import took 0.010608 seconds .

========================================================================
Received Prepare
Registering precompiled user dll's ...
Registered in 0.006443 seconds.
Begin MonoManager ReloadAssembly
Native extension for WindowsStandalone target not found
Native extension for WebGL target not found
Refreshing native plugins compatible for Editor in 0.86 ms, found 2 plugins.
Preloading 0 native plugins for Editor in 0.00 ms.
Mono: successfully reloaded assembly
- Completed reload, in  1.352 seconds
Platform modules already initialized, skipping
Refreshing native plugins compatible for Editor in 0.55 ms, found 2 plugins.
Preloading 0 native plugins for Editor in 0.00 ms.
Unloading 1391 Unused Serialized files (Serialized files now loaded: 0)
System memory in use before: 85.7 MB.
System memory in use after: 85.8 MB.

Unloading 14 unused Assets to reduce memory usage. Loaded Objects now: 1947.
Total: 2.280600 ms (FindLiveObjects: 0.185400 ms CreateObjectMapping: 0.076300 ms MarkObjects: 1.958500 ms  DeleteObjects: 0.059200 ms)

========================================================================
Received Import Request.
  Time since last request: 117.582985 seconds.
  path: Assets/EffectExamples/Shared
  artifactKey: Guid(d20707e94d6582c4bb82c70bda7918f0) Importer(815301076,1909f56bfc062723c751e8b465ee728b)
Start importing Assets/EffectExamples/Shared using Guid(d20707e94d6582c4bb82c70bda7918f0) Importer(815301076,1909f56bfc062723c751e8b465ee728b)  -> (artifact id: '8042bff2ce50041a8e2010fe99a2516b') in 0.016588 seconds
  Import took 0.020181 seconds .

========================================================================
Received Import Request.
  Time since last request: 3.243753 seconds.
  path: Assets/EffectExamples/Shared/Prefabs
  artifactKey: Guid(40699bdce656c484c9aa24320556cf4f) Importer(815301076,1909f56bfc062723c751e8b465ee728b)
Start importing Assets/EffectExamples/Shared/Prefabs using Guid(40699bdce656c484c9aa24320556cf4f) Importer(815301076,1909f56bfc062723c751e8b465ee728b)  -> (artifact id: '2207cde19913472a142effe0e6fdf8a7') in 0.011452 seconds
  Import took 0.015368 seconds .

========================================================================
Received Import Request.
  Time since last request: 10.297782 seconds.
  path: Assets/EffectExamples/Shared/Prefabs/WaterFilled.prefab
  artifactKey: Guid(b3310980331fa134d82770127f640471) Importer(815301076,1909f56bfc062723c751e8b465ee728b)
Start importing Assets/EffectExamples/Shared/Prefabs/WaterFilled.prefab using Guid(b3310980331fa134d82770127f640471) Importer(815301076,1909f56bfc062723c751e8b465ee728b)  -> (artifact id: '8f790d125cb3acc065503b33bdb4bebb') in 0.436953 seconds
  Import took 0.440140 seconds .

========================================================================
Received Import Request.
  Time since last request: 0.265578 seconds.
  path: Assets/EffectExamples/Shared/Prefabs/WaterFilled.prefab
  artifactKey: Guid(b3310980331fa134d82770127f640471) Importer(815301076,1909f56bfc062723c751e8b465ee728b)
Start importing Assets/EffectExamples/Shared/Prefabs/WaterFilled.prefab using Guid(b3310980331fa134d82770127f640471) Importer(815301076,1909f56bfc062723c751e8b465ee728b)  -> (artifact id: '8f790d125cb3acc065503b33bdb4bebb') in 0.015402 seconds
  Import took 0.018764 seconds .

========================================================================
Received Import Request.
  Time since last request: 0.101336 seconds.
  path: Assets/EffectExamples/Shared/Prefabs/ParticlesLight.prefab
  artifactKey: Guid(fa35d75604d172d48b7a6b62a07c7dbf) Importer(815301076,1909f56bfc062723c751e8b465ee728b)
Start importing Assets/EffectExamples/Shared/Prefabs/ParticlesLight.prefab using Guid(fa35d75604d172d48b7a6b62a07c7dbf) Importer(815301076,1909f56bfc062723c751e8b465ee728b)  -> (artifact id: 'a6a23b89c6f9e1efd1d9dd503034ed19') in 0.012397 seconds
  Import took 0.015798 seconds .

========================================================================
Received Import Request.
  Time since last request: 0.017600 seconds.
  path: Assets/EffectExamples/Shared/Prefabs/ParticlesLight.prefab
  artifactKey: Guid(fa35d75604d172d48b7a6b62a07c7dbf) Importer(815301076,1909f56bfc062723c751e8b465ee728b)
Start importing Assets/EffectExamples/Shared/Prefabs/ParticlesLight.prefab using Guid(fa35d75604d172d48b7a6b62a07c7dbf) Importer(815301076,1909f56bfc062723c751e8b465ee728b)  -> (artifact id: 'a6a23b89c6f9e1efd1d9dd503034ed19') in 0.010694 seconds
  Import took 0.014640 seconds .

========================================================================
Received Import Request.
  Time since last request: 0.571569 seconds.
  path: Assets/EffectExamples/Shared/Prefabs/Flesh.prefab
  artifactKey: Guid(a7034287e2bd6a141ab896f71d0b1357) Importer(815301076,1909f56bfc062723c751e8b465ee728b)
Start importing Assets/EffectExamples/Shared/Prefabs/Flesh.prefab using Guid(a7034287e2bd6a141ab896f71d0b1357) Importer(815301076,1909f56bfc062723c751e8b465ee728b)  -> (artifact id: '4aaed6fecff2b810eb3d43b000b4968f') in 0.031998 seconds
  Import took 0.036715 seconds .

========================================================================
Received Import Request.
  Time since last request: 0.353352 seconds.
  path: Assets/EffectExamples/Shared/Prefabs/Extinguish.prefab
  artifactKey: Guid(ec68cf3d27ad1bf48a4b4d3af84e4ded) Importer(815301076,1909f56bfc062723c751e8b465ee728b)
Start importing Assets/EffectExamples/Shared/Prefabs/Extinguish.prefab using Guid(ec68cf3d27ad1bf48a4b4d3af84e4ded) Importer(815301076,1909f56bfc062723c751e8b465ee728b)  -> (artifact id: '72a3325d4f056784ac2ea8bc3cf613c1') in 0.612936 seconds
  Import took 0.619833 seconds .

========================================================================
Received Import Request.
  Time since last request: 12.400963 seconds.
  path: Assets/EffectExamples/WeaponEffects
  artifactKey: Guid(a693b7e7a750f4142beaa792c5791927) Importer(815301076,1909f56bfc062723c751e8b465ee728b)
Start importing Assets/EffectExamples/WeaponEffects using Guid(a693b7e7a750f4142beaa792c5791927) Importer(815301076,1909f56bfc062723c751e8b465ee728b)  -> (artifact id: '62dd91c7306d85f9c26aa0c2990a1c5d') in 0.059099 seconds
  Import took 0.172907 seconds .

========================================================================
Received Import Request.
  Time since last request: 2.816248 seconds.
  path: Assets/EffectExamples/WeaponEffects/Prefabs
  artifactKey: Guid(66b2958180b2bf2499ff4c4b6a684d80) Importer(815301076,1909f56bfc062723c751e8b465ee728b)
Start importing Assets/EffectExamples/WeaponEffects/Prefabs using Guid(66b2958180b2bf2499ff4c4b6a684d80) Importer(815301076,1909f56bfc062723c751e8b465ee728b)  -> (artifact id: 'c29af9ab287799e3fb4212c8a1b8dcb3') in 0.007025 seconds
  Import took 0.011973 seconds .

========================================================================
Received Import Request.
  Time since last request: 2.599051 seconds.
  path: Assets/EffectExamples/WeaponEffects/Prefabs/MuzzleFlashEffect.prefab
  artifactKey: Guid(9defeac88977c0d448aa4541073ee9e4) Importer(815301076,1909f56bfc062723c751e8b465ee728b)
Start importing Assets/EffectExamples/WeaponEffects/Prefabs/MuzzleFlashEffect.prefab using Guid(9defeac88977c0d448aa4541073ee9e4) Importer(815301076,1909f56bfc062723c751e8b465ee728b)  -> (artifact id: '32e3d744584267e9d903fc5b8e5a569d') in 0.008287 seconds
  Import took 0.012145 seconds .

========================================================================
Received Import Request.
  Time since last request: 0.068489 seconds.
  path: Assets/EffectExamples/WeaponEffects/Prefabs/MuzzleFlashEffect.prefab
  artifactKey: Guid(9defeac88977c0d448aa4541073ee9e4) Importer(815301076,1909f56bfc062723c751e8b465ee728b)
Start importing Assets/EffectExamples/WeaponEffects/Prefabs/MuzzleFlashEffect.prefab using Guid(9defeac88977c0d448aa4541073ee9e4) Importer(815301076,1909f56bfc062723c751e8b465ee728b)  -> (artifact id: '32e3d744584267e9d903fc5b8e5a569d') in 0.009335 seconds
  Import took 0.014685 seconds .

========================================================================
Received Import Request.
  Time since last request: 0.014356 seconds.
  path: Assets/EffectExamples/WeaponEffects/Materials/MuzzleFlashParticle.mat
  artifactKey: Guid(527027c8baf2f0540be3104a3ec38a99) Importer(815301076,1909f56bfc062723c751e8b465ee728b)
Start importing Assets/EffectExamples/WeaponEffects/Materials/MuzzleFlashParticle.mat using Guid(527027c8baf2f0540be3104a3ec38a99) Importer(815301076,1909f56bfc062723c751e8b465ee728b)  -> (artifact id: '1394a6e2d2eb8773c4cc64c2b2417c33') in 0.040057 seconds
  Import took 0.043614 seconds .

========================================================================
Received Import Request.
  Time since last request: 18.174211 seconds.
  path: Assets/Core/Audio
  artifactKey: Guid(df6ed1deb10bb9544add67a48698fdf8) Importer(815301076,1909f56bfc062723c751e8b465ee728b)
Start importing Assets/Core/Audio using Guid(df6ed1deb10bb9544add67a48698fdf8) Importer(815301076,1909f56bfc062723c751e8b465ee728b)  -> (artifact id: '9c7a7c47845bcc53c3ff4709611026d4') in 0.006396 seconds
  Import took 0.009313 seconds .

========================================================================
Received Import Request.
  Time since last request: 37.714918 seconds.
  path: Assets/Core/Audio/Effects
  artifactKey: Guid(e58a64ddc7ec0c1448882c526172feb3) Importer(815301076,1909f56bfc062723c751e8b465ee728b)
Start importing Assets/Core/Audio/Effects using Guid(e58a64ddc7ec0c1448882c526172feb3) Importer(815301076,1909f56bfc062723c751e8b465ee728b)  -> (artifact id: '3fd2139e6ec3daea4e1f44591d748a22') in 0.005519 seconds
  Import took 0.009909 seconds .

========================================================================
Received Prepare
Registering precompiled user dll's ...
Registered in 0.005551 seconds.
Begin MonoManager ReloadAssembly
Native extension for WindowsStandalone target not found
Native extension for WebGL target not found
Refreshing native plugins compatible for Editor in 0.41 ms, found 2 plugins.
Preloading 0 native plugins for Editor in 0.00 ms.
Mono: successfully reloaded assembly
- Completed reload, in  1.377 seconds
Platform modules already initialized, skipping
Refreshing native plugins compatible for Editor in 0.72 ms, found 2 plugins.
Preloading 0 native plugins for Editor in 0.00 ms.
Unloading 1391 Unused Serialized files (Serialized files now loaded: 0)
System memory in use before: 86.0 MB.
System memory in use after: 86.1 MB.

Unloading 16 unused Assets to reduce memory usage. Loaded Objects now: 1956.
Total: 2.959400 ms (FindLiveObjects: 0.203000 ms CreateObjectMapping: 0.061800 ms MarkObjects: 2.339300 ms  DeleteObjects: 0.353600 ms)

========================================================================
Received Prepare
Registering precompiled user dll's ...
Registered in 0.004254 seconds.
Begin MonoManager ReloadAssembly
Native extension for WindowsStandalone target not found
Native extension for WebGL target not found
Refreshing native plugins compatible for Editor in 0.49 ms, found 2 plugins.
Preloading 0 native plugins for Editor in 0.00 ms.
Mono: successfully reloaded assembly
- Completed reload, in  1.026 seconds
Platform modules already initialized, skipping
Refreshing native plugins compatible for Editor in 0.40 ms, found 2 plugins.
Preloading 0 native plugins for Editor in 0.00 ms.
Unloading 1391 Unused Serialized files (Serialized files now loaded: 0)
System memory in use before: 86.0 MB.
System memory in use after: 86.1 MB.

Unloading 14 unused Assets to reduce memory usage. Loaded Objects now: 1959.
Total: 1.940000 ms (FindLiveObjects: 0.150400 ms CreateObjectMapping: 0.042600 ms MarkObjects: 1.695000 ms  DeleteObjects: 0.051100 ms)

========================================================================
Received Import Request.
  Time since last request: 482.519978 seconds.
  path: Assets/EffectExamples/WeaponEffects/Prefabs/BulletImpactStoneEffect.prefab
  artifactKey: Guid(4edabb1c0dde62743b137378c7d22980) Importer(815301076,1909f56bfc062723c751e8b465ee728b)
Start importing Assets/EffectExamples/WeaponEffects/Prefabs/BulletImpactStoneEffect.prefab using Guid(4edabb1c0dde62743b137378c7d22980) Importer(815301076,1909f56bfc062723c751e8b465ee728b)  -> (artifact id: 'e8a426648fe31776006f971a017628d0') in 0.721255 seconds
  Import took 0.724947 seconds .

========================================================================
Received Import Request.
  Time since last request: 0.075962 seconds.
  path: Assets/EffectExamples/WeaponEffects/Prefabs/BulletImpactWaterContainerEffect.prefab
  artifactKey: Guid(a60a75fdadab5de428529a5b8ef0426a) Importer(815301076,1909f56bfc062723c751e8b465ee728b)
Start importing Assets/EffectExamples/WeaponEffects/Prefabs/BulletImpactWaterContainerEffect.prefab using Guid(a60a75fdadab5de428529a5b8ef0426a) Importer(815301076,1909f56bfc062723c751e8b465ee728b)  -> (artifact id: '4f7b9dae0af8e380150eb930df661510') in 0.010935 seconds
  Import took 0.016042 seconds .

========================================================================
Received Import Request.
  Time since last request: 1.548499 seconds.
  path: Assets/EffectExamples/WeaponEffects/Prefabs/BulletImpactSandEffect.prefab
  artifactKey: Guid(a475880e7da0e9548aa05cb7933752cd) Importer(815301076,1909f56bfc062723c751e8b465ee728b)
Start importing Assets/EffectExamples/WeaponEffects/Prefabs/BulletImpactSandEffect.prefab using Guid(a475880e7da0e9548aa05cb7933752cd) Importer(815301076,1909f56bfc062723c751e8b465ee728b)  -> (artifact id: 'afd8ae0b0f79b4dc7000255c0f603dd6') in 0.010681 seconds
  Import took 0.016253 seconds .

========================================================================
Received Import Request.
  Time since last request: 0.531217 seconds.
  path: Assets/EffectExamples/WeaponEffects/Prefabs/BulletImpactMetalEffect.prefab
  artifactKey: Guid(02a509a7fa70ed740ba4197e20c5d32d) Importer(815301076,1909f56bfc062723c751e8b465ee728b)
Start importing Assets/EffectExamples/WeaponEffects/Prefabs/BulletImpactMetalEffect.prefab using Guid(02a509a7fa70ed740ba4197e20c5d32d) Importer(815301076,1909f56bfc062723c751e8b465ee728b)  -> (artifact id: '02d1919edb8deb64339cfd16973886a7') in 0.605789 seconds
  Import took 0.610023 seconds .

========================================================================
Received Import Request.
  Time since last request: 0.069368 seconds.
  path: Assets/EffectExamples/WeaponEffects/Prefabs/BulletImpactFleshSmallEffect.prefab
  artifactKey: Guid(83e55d3418297934fab882559d009285) Importer(815301076,1909f56bfc062723c751e8b465ee728b)
Start importing Assets/EffectExamples/WeaponEffects/Prefabs/BulletImpactFleshSmallEffect.prefab using Guid(83e55d3418297934fab882559d009285) Importer(815301076,1909f56bfc062723c751e8b465ee728b)  -> (artifact id: 'fdd9d4a5aeaa1bfbcc04f775dd132546') in 0.358652 seconds
  Import took 0.361608 seconds .

========================================================================
Received Import Request.
  Time since last request: 0.866742 seconds.
  path: Assets/EffectExamples/WeaponEffects/Prefabs/CartridgeEjectEffect.prefab
  artifactKey: Guid(7ca96822084510147adb2aea03d45e3b) Importer(815301076,1909f56bfc062723c751e8b465ee728b)
Start importing Assets/EffectExamples/WeaponEffects/Prefabs/CartridgeEjectEffect.prefab using Guid(7ca96822084510147adb2aea03d45e3b) Importer(815301076,1909f56bfc062723c751e8b465ee728b)  -> (artifact id: '37e848ebd7370ac5dfbc3a364e8a7256') in 0.008631 seconds
  Import took 0.011777 seconds .

========================================================================
Received Import Request.
  Time since last request: 0.030241 seconds.
  path: Assets/EffectExamples/WeaponEffects/Prefabs/CartridgeEjectEffect.prefab
  artifactKey: Guid(7ca96822084510147adb2aea03d45e3b) Importer(815301076,1909f56bfc062723c751e8b465ee728b)
Start importing Assets/EffectExamples/WeaponEffects/Prefabs/CartridgeEjectEffect.prefab using Guid(7ca96822084510147adb2aea03d45e3b) Importer(815301076,1909f56bfc062723c751e8b465ee728b)  -> (artifact id: '37e848ebd7370ac5dfbc3a364e8a7256') in 0.008681 seconds
  Import took 0.012403 seconds .

========================================================================
Received Import Request.
  Time since last request: 0.010420 seconds.
  path: Assets/EffectExamples/WeaponEffects/Models/ShellCasing.FBX
  artifactKey: Guid(39af8eb310699cb4dac88a1ce9577c85) Importer(815301076,1909f56bfc062723c751e8b465ee728b)
Start importing Assets/EffectExamples/WeaponEffects/Models/ShellCasing.FBX using Guid(39af8eb310699cb4dac88a1ce9577c85) Importer(815301076,1909f56bfc062723c751e8b465ee728b)  -> (artifact id: 'ce6e4d9176634a629468bc9c9c2a62ec') in 0.058287 seconds
  Import took 0.062454 seconds .

========================================================================
Received Import Request.
  Time since last request: 0.665892 seconds.
  path: Assets/EffectExamples/WeaponEffects/Prefabs/BulletImpactWoodEffect.prefab
  artifactKey: Guid(beb3acff7ab73944fb8f470f24d74ed3) Importer(815301076,1909f56bfc062723c751e8b465ee728b)
Start importing Assets/EffectExamples/WeaponEffects/Prefabs/BulletImpactWoodEffect.prefab using Guid(beb3acff7ab73944fb8f470f24d74ed3) Importer(815301076,1909f56bfc062723c751e8b465ee728b)  -> (artifact id: '574ff3d583917582329284ce71817bd3') in 0.290960 seconds
  Import took 0.295123 seconds .

========================================================================
Received Import Request.
  Time since last request: 3.048565 seconds.
  path: Assets/EffectExamples/WeaponEffects/Materials
  artifactKey: Guid(13808f1c5b84b9b46a1f8a7022c20c35) Importer(815301076,1909f56bfc062723c751e8b465ee728b)
Start importing Assets/EffectExamples/WeaponEffects/Materials using Guid(13808f1c5b84b9b46a1f8a7022c20c35) Importer(815301076,1909f56bfc062723c751e8b465ee728b)  -> (artifact id: 'f6cdea4ab7f46693df7d3d2473a5062d') in 0.008788 seconds
  Import took 0.012046 seconds .

========================================================================
Received Import Request.
  Time since last request: 0.322107 seconds.
  path: Assets/EffectExamples/WeaponEffects/Models
  artifactKey: Guid(bd5dd7a761ffae74dbd32db829ae6f95) Importer(815301076,1909f56bfc062723c751e8b465ee728b)
Start importing Assets/EffectExamples/WeaponEffects/Models using Guid(bd5dd7a761ffae74dbd32db829ae6f95) Importer(815301076,1909f56bfc062723c751e8b465ee728b)  -> (artifact id: '5f12ef1a5f191d2eaf8955ef394f1777') in 0.008991 seconds
  Import took 0.013443 seconds .

========================================================================
Received Import Request.
  Time since last request: 2.258698 seconds.
  path: Assets/EffectExamples/Blood
  artifactKey: Guid(96a4fd4c27ed4214f905c521891b2c87) Importer(815301076,1909f56bfc062723c751e8b465ee728b)
Start importing Assets/EffectExamples/Blood using Guid(96a4fd4c27ed4214f905c521891b2c87) Importer(815301076,1909f56bfc062723c751e8b465ee728b)  -> (artifact id: '392cf74ce64391c7e2512c5ff6893371') in 0.007886 seconds
  Import took 0.013036 seconds .

========================================================================
Received Import Request.
  Time since last request: 0.196490 seconds.
  path: Assets/EffectExamples/FireExplosionEffects
  artifactKey: Guid(9c9c292c9091a7d4fbaf34fdd81b85fc) Importer(815301076,1909f56bfc062723c751e8b465ee728b)
Start importing Assets/EffectExamples/FireExplosionEffects using Guid(9c9c292c9091a7d4fbaf34fdd81b85fc) Importer(815301076,1909f56bfc062723c751e8b465ee728b)  -> (artifact id: 'e943d9774d6134ef0b7ff39e059e82bb') in 0.009203 seconds
  Import took 0.013305 seconds .

========================================================================
Received Import Request.
  Time since last request: 0.348007 seconds.
  path: Assets/EffectExamples/Misc Effects
  artifactKey: Guid(7dd5994c11ccf45c3b64748c6a871d80) Importer(815301076,1909f56bfc062723c751e8b465ee728b)
Start importing Assets/EffectExamples/Misc Effects using Guid(7dd5994c11ccf45c3b64748c6a871d80) Importer(815301076,1909f56bfc062723c751e8b465ee728b)  -> (artifact id: 'e174845dea250af43b3cfe7632fe845b') in 0.008753 seconds
  Import took 0.012251 seconds .

========================================================================
Received Import Request.
  Time since last request: 0.405964 seconds.
  path: Assets/EffectExamples/WaterEffects
  artifactKey: Guid(ba290491ceddda648bce3f8b178b2353) Importer(815301076,1909f56bfc062723c751e8b465ee728b)
Start importing Assets/EffectExamples/WaterEffects using Guid(ba290491ceddda648bce3f8b178b2353) Importer(815301076,1909f56bfc062723c751e8b465ee728b)  -> (artifact id: '559133c32e20b8ee704db30fdd3001d0') in 0.005429 seconds
  Import took 0.009314 seconds .

========================================================================
Received Import Request.
  Time since last request: 8.672488 seconds.
  path: Assets/POLYGON weapons/README.rtf
  artifactKey: Guid(6bc59be9776f6af4fa723f294f80f2b7) Importer(815301076,1909f56bfc062723c751e8b465ee728b)
Start importing Assets/POLYGON weapons/README.rtf using Guid(6bc59be9776f6af4fa723f294f80f2b7) Importer(815301076,1909f56bfc062723c751e8b465ee728b)  -> (artifact id: 'c79e87f46d2193fbf5896e95e8ffb122') in 0.013990 seconds
  Import took 0.017592 seconds .

========================================================================
Received Import Request.
  Time since last request: 0.563129 seconds.
  path: Assets/POLYGON weapons/Assets_official
  artifactKey: Guid(e1c904fd83ed14c41b58ee69bfb73636) Importer(815301076,1909f56bfc062723c751e8b465ee728b)
Start importing Assets/POLYGON weapons/Assets_official using Guid(e1c904fd83ed14c41b58ee69bfb73636) Importer(815301076,1909f56bfc062723c751e8b465ee728b)  -> (artifact id: 'c7f31f58bb49b49e8548357ea2fd154e') in 0.006028 seconds
  Import took 0.010389 seconds .

========================================================================
Received Import Request.
  Time since last request: 4.382491 seconds.
  path: Assets/POLYGON weapons/Assets_official/bullet_shells_assets/5,56x45_prefab.prefab
  artifactKey: Guid(89cf3ca4eec739447b9c494f5f529498) Importer(815301076,1909f56bfc062723c751e8b465ee728b)
Start importing Assets/POLYGON weapons/Assets_official/bullet_shells_assets/5,56x45_prefab.prefab using Guid(89cf3ca4eec739447b9c494f5f529498) Importer(815301076,1909f56bfc062723c751e8b465ee728b)  -> (artifact id: '48e4364b6a605020bcda5314f06b688a') in 0.214792 seconds
  Import took 0.218990 seconds .

========================================================================
Received Import Request.
  Time since last request: 0.497266 seconds.
  path: Assets/POLYGON weapons/Assets_official/bullet_shells_assets/5.7x28_prefab.prefab
  artifactKey: Guid(ccc9fc532e2e38b4e863e81be8c225a7) Importer(815301076,1909f56bfc062723c751e8b465ee728b)
Start importing Assets/POLYGON weapons/Assets_official/bullet_shells_assets/5.7x28_prefab.prefab using Guid(ccc9fc532e2e38b4e863e81be8c225a7) Importer(815301076,1909f56bfc062723c751e8b465ee728b)  -> (artifact id: 'f90738a746ab452b069d950f1b9f1737') in 0.027126 seconds
  Import took 0.031528 seconds .

========================================================================
Received Import Request.
  Time since last request: 0.333544 seconds.
  path: Assets/POLYGON weapons/Assets_official/bullet_shells_assets/7,62x39_prefab.prefab
  artifactKey: Guid(9cf0be2ddff504949b6874bc926b796f) Importer(815301076,1909f56bfc062723c751e8b465ee728b)
Start importing Assets/POLYGON weapons/Assets_official/bullet_shells_assets/7,62x39_prefab.prefab using Guid(9cf0be2ddff504949b6874bc926b796f) Importer(815301076,1909f56bfc062723c751e8b465ee728b)  -> (artifact id: '67e9d60bb654d795fa44a756a829b5b9') in 0.018795 seconds
  Import took 0.022435 seconds .

========================================================================
Received Import Request.
  Time since last request: 0.192610 seconds.
  path: Assets/POLYGON weapons/Assets_official/bullet_shells_assets/7,62x54_prefab.prefab
  artifactKey: Guid(072b09f469defef4a91d31f821873a7b) Importer(815301076,1909f56bfc062723c751e8b465ee728b)
Start importing Assets/POLYGON weapons/Assets_official/bullet_shells_assets/7,62x54_prefab.prefab using Guid(072b09f469defef4a91d31f821873a7b) Importer(815301076,1909f56bfc062723c751e8b465ee728b)  -> (artifact id: '4618430079752e5edb0afc9a448f8155') in 0.043519 seconds
  Import took 0.049231 seconds .

========================================================================
Received Import Request.
  Time since last request: 0.141270 seconds.
  path: Assets/POLYGON weapons/Assets_official/bullet_shells_assets/9mm_prefab.prefab
  artifactKey: Guid(ee95a4f186d76ab40bb754a51899c3a4) Importer(815301076,1909f56bfc062723c751e8b465ee728b)
Start importing Assets/POLYGON weapons/Assets_official/bullet_shells_assets/9mm_prefab.prefab using Guid(ee95a4f186d76ab40bb754a51899c3a4) Importer(815301076,1909f56bfc062723c751e8b465ee728b)  -> (artifact id: '50a8eaf42a15c48592723587946e6066') in 0.021202 seconds
  Import took 0.025827 seconds .

========================================================================
Received Import Request.
  Time since last request: 0.143071 seconds.
  path: Assets/POLYGON weapons/Assets_official/bullet_shells_assets/12,7  99_prefab.prefab
  artifactKey: Guid(46987e56b43ba3a4e95ca266a6ef248c) Importer(815301076,1909f56bfc062723c751e8b465ee728b)
Start importing Assets/POLYGON weapons/Assets_official/bullet_shells_assets/12,7  99_prefab.prefab using Guid(46987e56b43ba3a4e95ca266a6ef248c) Importer(815301076,1909f56bfc062723c751e8b465ee728b)  -> (artifact id: 'bde72cf6a71351eda384c6456f88b97e') in 0.020000 seconds
  Import took 0.024000 seconds .

========================================================================
Received Import Request.
  Time since last request: 0.167801 seconds.
  path: Assets/POLYGON weapons/Assets_official/bullet_shells_assets/12gauge_prefab.prefab
  artifactKey: Guid(04c87384bf0fddd4ebdcf2aeeb697997) Importer(815301076,1909f56bfc062723c751e8b465ee728b)
Start importing Assets/POLYGON weapons/Assets_official/bullet_shells_assets/12gauge_prefab.prefab using Guid(04c87384bf0fddd4ebdcf2aeeb697997) Importer(815301076,1909f56bfc062723c751e8b465ee728b)  -> (artifact id: 'c592d8d2e5de5199d5e48fe37e853dfa') in 0.025365 seconds
  Import took 0.030052 seconds .

========================================================================
Received Import Request.
  Time since last request: 0.164491 seconds.
  path: Assets/POLYGON weapons/Assets_official/bullet_shells_assets/45acp_prefab.prefab
  artifactKey: Guid(0035e33c1d9673a4f8a0aa7a0ed21032) Importer(815301076,1909f56bfc062723c751e8b465ee728b)
Start importing Assets/POLYGON weapons/Assets_official/bullet_shells_assets/45acp_prefab.prefab using Guid(0035e33c1d9673a4f8a0aa7a0ed21032) Importer(815301076,1909f56bfc062723c751e8b465ee728b)  -> (artifact id: '3d0891d9daffcf504d439e3e9e9fe4c4') in 0.022329 seconds
  Import took 0.027042 seconds .

========================================================================
Received Import Request.
  Time since last request: 0.185401 seconds.
  path: Assets/POLYGON weapons/Assets_official/bullet_shells_assets/M32_40mm_grenade_prefab.prefab
  artifactKey: Guid(4eff889102226024d8f08b667f8b2971) Importer(815301076,1909f56bfc062723c751e8b465ee728b)
Start importing Assets/POLYGON weapons/Assets_official/bullet_shells_assets/M32_40mm_grenade_prefab.prefab using Guid(4eff889102226024d8f08b667f8b2971) Importer(815301076,1909f56bfc062723c751e8b465ee728b)  -> (artifact id: '484f7ed47f47e99c472c18db0bb16e56') in 0.029202 seconds
  Import took 0.034414 seconds .

========================================================================
Received Import Request.
  Time since last request: 0.215843 seconds.
  path: Assets/POLYGON weapons/Assets_official/bullet_shells_assets/magnum_prefab.prefab
  artifactKey: Guid(5df70ab01958d7f48957c3c19d5c1516) Importer(815301076,1909f56bfc062723c751e8b465ee728b)
Start importing Assets/POLYGON weapons/Assets_official/bullet_shells_assets/magnum_prefab.prefab using Guid(5df70ab01958d7f48957c3c19d5c1516) Importer(815301076,1909f56bfc062723c751e8b465ee728b)  -> (artifact id: '249f2e3a26d02dbbca52ee55a2ae5267') in 0.024043 seconds
  Import took 0.028705 seconds .

========================================================================
Received Import Request.
  Time since last request: 302.600541 seconds.
  path: Assets/Resources/Ammos
  artifactKey: Guid(efd8799e3b4300f46bbba0cbd153111d) Importer(815301076,1909f56bfc062723c751e8b465ee728b)
Start importing Assets/Resources/Ammos using Guid(efd8799e3b4300f46bbba0cbd153111d) Importer(815301076,1909f56bfc062723c751e8b465ee728b)  -> (artifact id: '64408194b059132336031ee183738ba5') in 0.004987 seconds
  Import took 0.008923 seconds .

========================================================================
Received Import Request.
  Time since last request: 7.555321 seconds.
  path: Assets/Resources/Ammos/M32_40
  artifactKey: Guid(f68136a94d80e4543b915f1a2bb43ae4) Importer(815301076,1909f56bfc062723c751e8b465ee728b)
Start importing Assets/Resources/Ammos/M32_40 using Guid(f68136a94d80e4543b915f1a2bb43ae4) Importer(815301076,1909f56bfc062723c751e8b465ee728b)  -> (artifact id: '4562fe4ff1c78ff8772debb13b8b2b31') in 0.004621 seconds
  Import took 0.007378 seconds .

========================================================================
Received Import Request.
  Time since last request: 5.049933 seconds.
  path: Assets/Resources/Ammos/M32_40/M32_40.prefab
  artifactKey: Guid(4d375c8479ac19c4e963b37c23ee9de9) Importer(815301076,1909f56bfc062723c751e8b465ee728b)
Start importing Assets/Resources/Ammos/M32_40/M32_40.prefab using Guid(4d375c8479ac19c4e963b37c23ee9de9) Importer(815301076,1909f56bfc062723c751e8b465ee728b)  -> (artifact id: '5dff4dd31ccc894c22448eba8286cc82') in 0.063259 seconds
  Import took 0.068109 seconds .

========================================================================
Received Import Request.
  Time since last request: 21.437734 seconds.
  path: Assets/Resources/Ammos/M32_40/M32_40.prefab
  artifactKey: Guid(4d375c8479ac19c4e963b37c23ee9de9) Importer(815301076,1909f56bfc062723c751e8b465ee728b)
Start importing Assets/Resources/Ammos/M32_40/M32_40.prefab using Guid(4d375c8479ac19c4e963b37c23ee9de9) Importer(815301076,1909f56bfc062723c751e8b465ee728b)  -> (artifact id: '69e0f9a56480530fcccfc338b1334547') in 0.063147 seconds
  Import took 0.066360 seconds .

========================================================================
Received Import Request.
  Time since last request: 14.242305 seconds.
  path: Assets/Resources/Ammos/M32_40/M32_40.prefab
  artifactKey: Guid(4d375c8479ac19c4e963b37c23ee9de9) Importer(815301076,1909f56bfc062723c751e8b465ee728b)
Start importing Assets/Resources/Ammos/M32_40/M32_40.prefab using Guid(4d375c8479ac19c4e963b37c23ee9de9) Importer(815301076,1909f56bfc062723c751e8b465ee728b)  -> (artifact id: 'e177ad537d0ee8ac44785bfdfd20369f') in 0.015639 seconds
  Import took 0.018480 seconds .

========================================================================
Received Prepare
Registering precompiled user dll's ...
Registered in 0.005322 seconds.
Begin MonoManager ReloadAssembly
Native extension for WindowsStandalone target not found
Native extension for WebGL target not found
Refreshing native plugins compatible for Editor in 0.42 ms, found 2 plugins.
Preloading 0 native plugins for Editor in 0.00 ms.
Mono: successfully reloaded assembly
- Completed reload, in  1.225 seconds
Platform modules already initialized, skipping
Refreshing native plugins compatible for Editor in 0.44 ms, found 2 plugins.
Preloading 0 native plugins for Editor in 0.00 ms.
Unloading 1391 Unused Serialized files (Serialized files now loaded: 0)
System memory in use before: 86.2 MB.
System memory in use after: 86.3 MB.

Unloading 14 unused Assets to reduce memory usage. Loaded Objects now: 1964.
Total: 1.800200 ms (FindLiveObjects: 0.152600 ms CreateObjectMapping: 0.038000 ms MarkObjects: 1.550100 ms  DeleteObjects: 0.058100 ms)

========================================================================
Received Prepare
Registering precompiled user dll's ...
Registered in 0.004699 seconds.
Begin MonoManager ReloadAssembly
Native extension for WindowsStandalone target not found
Native extension for WebGL target not found
Refreshing native plugins compatible for Editor in 0.38 ms, found 2 plugins.
Preloading 0 native plugins for Editor in 0.00 ms.
Mono: successfully reloaded assembly
- Completed reload, in  1.299 seconds
Platform modules already initialized, skipping
Refreshing native plugins compatible for Editor in 0.40 ms, found 2 plugins.
Preloading 0 native plugins for Editor in 0.00 ms.
Unloading 1391 Unused Serialized files (Serialized files now loaded: 0)
System memory in use before: 86.3 MB.
System memory in use after: 86.3 MB.

Unloading 14 unused Assets to reduce memory usage. Loaded Objects now: 1967.
Total: 2.913900 ms (FindLiveObjects: 0.171200 ms CreateObjectMapping: 0.046900 ms MarkObjects: 2.613300 ms  DeleteObjects: 0.081100 ms)

========================================================================
Received Prepare
Registering precompiled user dll's ...
Registered in 0.004514 seconds.
Begin MonoManager ReloadAssembly
Native extension for WindowsStandalone target not found
Native extension for WebGL target not found
Refreshing native plugins compatible for Editor in 0.40 ms, found 2 plugins.
Preloading 0 native plugins for Editor in 0.00 ms.
Mono: successfully reloaded assembly
- Completed reload, in  1.181 seconds
Platform modules already initialized, skipping
Refreshing native plugins compatible for Editor in 0.42 ms, found 2 plugins.
Preloading 0 native plugins for Editor in 0.00 ms.
Unloading 1391 Unused Serialized files (Serialized files now loaded: 0)
System memory in use before: 86.3 MB.
System memory in use after: 86.3 MB.

Unloading 14 unused Assets to reduce memory usage. Loaded Objects now: 1970.
Total: 1.764400 ms (FindLiveObjects: 0.173700 ms CreateObjectMapping: 0.045200 ms MarkObjects: 1.484300 ms  DeleteObjects: 0.060000 ms)

========================================================================
Received Prepare
Registering precompiled user dll's ...
Registered in 0.012094 seconds.
Begin MonoManager ReloadAssembly
Native extension for WindowsStandalone target not found
Native extension for WebGL target not found
Refreshing native plugins compatible for Editor in 0.81 ms, found 2 plugins.
Preloading 0 native plugins for Editor in 0.00 ms.
Mono: successfully reloaded assembly
- Completed reload, in  1.174 seconds
Platform modules already initialized, skipping
Refreshing native plugins compatible for Editor in 0.79 ms, found 2 plugins.
Preloading 0 native plugins for Editor in 0.00 ms.
Unloading 1391 Unused Serialized files (Serialized files now loaded: 0)
System memory in use before: 86.3 MB.
System memory in use after: 86.3 MB.

Unloading 14 unused Assets to reduce memory usage. Loaded Objects now: 1973.
Total: 3.144500 ms (FindLiveObjects: 0.323100 ms CreateObjectMapping: 0.131900 ms MarkObjects: 2.584700 ms  DeleteObjects: 0.102500 ms)

========================================================================
Received Import Request.
  Time since last request: 290.728948 seconds.
  path: Assets/Resources/Ammos/M32_40/M32_40.prefab
  artifactKey: Guid(4d375c8479ac19c4e963b37c23ee9de9) Importer(815301076,1909f56bfc062723c751e8b465ee728b)
Start importing Assets/Resources/Ammos/M32_40/M32_40.prefab using Guid(4d375c8479ac19c4e963b37c23ee9de9) Importer(815301076,1909f56bfc062723c751e8b465ee728b)  -> (artifact id: 'd47561d7d7131e756e4b4e89c4285b53') in 0.115164 seconds
  Import took 0.122068 seconds .

========================================================================
Received Prepare
Registering precompiled user dll's ...
Registered in 0.004828 seconds.
Begin MonoManager ReloadAssembly
Native extension for WindowsStandalone target not found
Native extension for WebGL target not found
Refreshing native plugins compatible for Editor in 0.51 ms, found 2 plugins.
Preloading 0 native plugins for Editor in 0.00 ms.
Mono: successfully reloaded assembly
- Completed reload, in  1.563 seconds
Platform modules already initialized, skipping
Refreshing native plugins compatible for Editor in 0.60 ms, found 2 plugins.
Preloading 0 native plugins for Editor in 0.00 ms.
Unloading 1391 Unused Serialized files (Serialized files now loaded: 0)
System memory in use before: 86.3 MB.
System memory in use after: 86.4 MB.

Unloading 14 unused Assets to reduce memory usage. Loaded Objects now: 1977.
Total: 3.476700 ms (FindLiveObjects: 0.417800 ms CreateObjectMapping: 0.121500 ms MarkObjects: 2.861500 ms  DeleteObjects: 0.073500 ms)

========================================================================
Received Import Request.
  Time since last request: 101.148745 seconds.
  path: Assets/Resources/Ammos/M32_40/M32_40.prefab
  artifactKey: Guid(4d375c8479ac19c4e963b37c23ee9de9) Importer(815301076,1909f56bfc062723c751e8b465ee728b)
Start importing Assets/Resources/Ammos/M32_40/M32_40.prefab using Guid(4d375c8479ac19c4e963b37c23ee9de9) Importer(815301076,1909f56bfc062723c751e8b465ee728b)  -> (artifact id: 'b850abcc2061a6802f4eb974e45f81b9') in 0.091981 seconds
  Import took 0.095565 seconds .

========================================================================
Received Import Request.
  Time since last request: 10.362364 seconds.
  path: Assets/Resources/Ammos/M32_40/M32_40.prefab
  artifactKey: Guid(4d375c8479ac19c4e963b37c23ee9de9) Importer(815301076,1909f56bfc062723c751e8b465ee728b)
Start importing Assets/Resources/Ammos/M32_40/M32_40.prefab using Guid(4d375c8479ac19c4e963b37c23ee9de9) Importer(815301076,1909f56bfc062723c751e8b465ee728b)  -> (artifact id: 'fecac1928230afe67a05204ee259d2c6') in 0.062953 seconds
  Import took 0.067212 seconds .

========================================================================
Received Import Request.
  Time since last request: 0.004419 seconds.
  path: Assets/Resources/Ammos/M32_40/M32_40.prefab
  artifactKey: Guid(4d375c8479ac19c4e963b37c23ee9de9) Importer(815301076,1909f56bfc062723c751e8b465ee728b)
Start importing Assets/Resources/Ammos/M32_40/M32_40.prefab using Guid(4d375c8479ac19c4e963b37c23ee9de9) Importer(815301076,1909f56bfc062723c751e8b465ee728b)  -> (artifact id: 'fecac1928230afe67a05204ee259d2c6') in 0.023990 seconds
  Import took 0.027499 seconds .

========================================================================
Received Import Request.
  Time since last request: 0.509259 seconds.
  path: Assets/Resources/Ammos/M32_40/M32_40.prefab
  artifactKey: Guid(4d375c8479ac19c4e963b37c23ee9de9) Importer(815301076,1909f56bfc062723c751e8b465ee728b)
Start importing Assets/Resources/Ammos/M32_40/M32_40.prefab using Guid(4d375c8479ac19c4e963b37c23ee9de9) Importer(815301076,1909f56bfc062723c751e8b465ee728b)  -> (artifact id: 'ff8d13035e771c37026050d4a622e5cd') in 0.016114 seconds
  Import took 0.019740 seconds .

========================================================================
Received Prepare
Registering precompiled user dll's ...
Registered in 0.006221 seconds.
Begin MonoManager ReloadAssembly
Native extension for WindowsStandalone target not found
Native extension for WebGL target not found
Refreshing native plugins compatible for Editor in 0.66 ms, found 2 plugins.
Preloading 0 native plugins for Editor in 0.00 ms.
Mono: successfully reloaded assembly
- Completed reload, in  1.186 seconds
Platform modules already initialized, skipping
Refreshing native plugins compatible for Editor in 0.40 ms, found 2 plugins.
Preloading 0 native plugins for Editor in 0.00 ms.
Unloading 1391 Unused Serialized files (Serialized files now loaded: 0)
System memory in use before: 86.3 MB.
System memory in use after: 86.4 MB.

Unloading 14 unused Assets to reduce memory usage. Loaded Objects now: 1981.
Total: 2.055100 ms (FindLiveObjects: 0.187500 ms CreateObjectMapping: 0.052600 ms MarkObjects: 1.752000 ms  DeleteObjects: 0.061500 ms)

========================================================================
Received Prepare
Registering precompiled user dll's ...
Registered in 0.004378 seconds.
Begin MonoManager ReloadAssembly
Native extension for WindowsStandalone target not found
Native extension for WebGL target not found
Refreshing native plugins compatible for Editor in 0.39 ms, found 2 plugins.
Preloading 0 native plugins for Editor in 0.00 ms.
Mono: successfully reloaded assembly
- Completed reload, in  1.295 seconds
Platform modules already initialized, skipping
Refreshing native plugins compatible for Editor in 0.41 ms, found 2 plugins.
Preloading 0 native plugins for Editor in 0.00 ms.
Unloading 1391 Unused Serialized files (Serialized files now loaded: 0)
System memory in use before: 86.3 MB.
System memory in use after: 86.4 MB.

Unloading 14 unused Assets to reduce memory usage. Loaded Objects now: 1984.
Total: 3.358200 ms (FindLiveObjects: 0.271200 ms CreateObjectMapping: 0.072600 ms MarkObjects: 2.934600 ms  DeleteObjects: 0.078100 ms)

========================================================================
Received Import Request.
  Time since last request: 202.021904 seconds.
  path: Assets/Scripts/Managers/GameManager.cs
  artifactKey: Guid(f23c7994c47277e47b70324bf16db123) Importer(815301076,1909f56bfc062723c751e8b465ee728b)
Start importing Assets/Scripts/Managers/GameManager.cs using Guid(f23c7994c47277e47b70324bf16db123) Importer(815301076,1909f56bfc062723c751e8b465ee728b)  -> (artifact id: '361d8480f4906808cf3129fab351cc0b') in 0.014472 seconds
  Import took 0.017278 seconds .

========================================================================
Received Import Request.
  Time since last request: 1.160869 seconds.
  path: Assets/Scripts/Managers/GameManager.cs
  artifactKey: Guid(f23c7994c47277e47b70324bf16db123) Importer(815301076,1909f56bfc062723c751e8b465ee728b)
Start importing Assets/Scripts/Managers/GameManager.cs using Guid(f23c7994c47277e47b70324bf16db123) Importer(815301076,1909f56bfc062723c751e8b465ee728b)  -> (artifact id: '361d8480f4906808cf3129fab351cc0b') in 0.003706 seconds
  Import took 0.006019 seconds .

========================================================================
Received Prepare
Registering precompiled user dll's ...
Registered in 0.005895 seconds.
Begin MonoManager ReloadAssembly
Native extension for WindowsStandalone target not found
Native extension for WebGL target not found
Refreshing native plugins compatible for Editor in 0.54 ms, found 2 plugins.
Preloading 0 native plugins for Editor in 0.00 ms.
Mono: successfully reloaded assembly
- Completed reload, in  1.772 seconds
Platform modules already initialized, skipping
Refreshing native plugins compatible for Editor in 0.57 ms, found 2 plugins.
Preloading 0 native plugins for Editor in 0.00 ms.
Unloading 1391 Unused Serialized files (Serialized files now loaded: 0)
System memory in use before: 86.3 MB.
System memory in use after: 86.4 MB.

Unloading 14 unused Assets to reduce memory usage. Loaded Objects now: 1987.
Total: 2.709300 ms (FindLiveObjects: 0.235200 ms CreateObjectMapping: 0.065500 ms MarkObjects: 2.314100 ms  DeleteObjects: 0.092500 ms)

AssetImportWorkerClient::OnTransportError - code=2 error=End of file
