Using pre-set license
Built from '2020.3/staging' branch; Version is '2020.3.11f1 (99c7afb366b3) revision 10078127'; Using compiler version '192528614'; Build Type 'Release'
OS: 'Windows 10 Home; OS build 19042.1110; Version 2009; 64bit' Language: 'ko' Physical Memory: 7990 MB
BatchMode: 1, IsHumanControllingUs: 0, StartBugReporterOnCrash: 0, Is64bit: 1, IsPro: 0

 COMMAND LINE ARGUMENTS:
C:\Program Files\Unity\Hub\Editor\2020.3.11f1\Editor\Unity.exe
-adb2
-batchMode
-noUpm
-name
AssetImportWorker0
-projectPath
C:/Users/82104/Desktop/unity_main_study/Study_3D_Game/3DGameProject
-logFile
Logs/AssetImportWorker0.log
-srvPort
54607
Successfully changed project path to: C:/Users/82104/Desktop/unity_main_study/Study_3D_Game/3DGameProject
C:/Users/82104/Desktop/unity_main_study/Study_3D_Game/3DGameProject
Using Asset Import Pipeline V2.
Refreshing native plugins compatible for Editor in 32.15 ms, found 2 plugins.
Preloading 0 native plugins for Editor in 0.00 ms.
Initialize engine version: 2020.3.11f1 (99c7afb366b3)
[Subsystems] Discovering subsystems at path C:/Program Files/Unity/Hub/Editor/2020.3.11f1/Editor/Data/Resources/UnitySubsystems
[Subsystems] Discovering subsystems at path C:/Users/82104/Desktop/unity_main_study/Study_3D_Game/3DGameProject/Assets
GfxDevice: creating device client; threaded=0
Direct3D:
    Version:  Direct3D 11.0 [level 11.1]
    Renderer: NVIDIA GeForce MX250 (ID=0x1d52)
    Vendor:   
    VRAM:     1983 MB
    Driver:   27.21.14.6231
Initialize mono
Mono path[0] = 'C:/Program Files/Unity/Hub/Editor/2020.3.11f1/Editor/Data/Managed'
Mono path[1] = 'C:/Program Files/Unity/Hub/Editor/2020.3.11f1/Editor/Data/MonoBleedingEdge/lib/mono/unityjit'
Mono config path = 'C:/Program Files/Unity/Hub/Editor/2020.3.11f1/Editor/Data/MonoBleedingEdge/etc'
Using monoOptions --debugger-agent=transport=dt_socket,embedding=1,server=y,suspend=n,address=127.0.0.1:56696
Begin MonoManager ReloadAssembly
Registering precompiled unity dll's ...
Register platform support module: C:/Program Files/Unity/Hub/Editor/2020.3.11f1/Editor/Data/PlaybackEngines/WebGLSupport/UnityEditor.WebGL.Extensions.dll
Register platform support module: C:/Program Files/Unity/Hub/Editor/2020.3.11f1/Editor/Data/PlaybackEngines/WindowsStandaloneSupport/UnityEditor.WindowsStandalone.Extensions.dll
Registered in 0.003125 seconds.
Native extension for WindowsStandalone target not found
Native extension for WebGL target not found
Refreshing native plugins compatible for Editor in 70.08 ms, found 2 plugins.
Preloading 0 native plugins for Editor in 0.00 ms.
Mono: successfully reloaded assembly
- Completed reload, in  1.439 seconds
Platform modules already initialized, skipping
Registering precompiled user dll's ...
Registered in 0.005517 seconds.
Begin MonoManager ReloadAssembly
Native extension for WindowsStandalone target not found
Native extension for WebGL target not found
Refreshing native plugins compatible for Editor in 0.49 ms, found 2 plugins.
Preloading 0 native plugins for Editor in 0.00 ms.
Mono: successfully reloaded assembly
- Completed reload, in  1.385 seconds
Platform modules already initialized, skipping
========================================================================
Worker process is ready to serve import requests
Launched and connected shader compiler UnityShaderCompiler.exe after 0.06 seconds
Refreshing native plugins compatible for Editor in 0.47 ms, found 2 plugins.
Preloading 0 native plugins for Editor in 0.00 ms.
Unloading 1387 Unused Serialized files (Serialized files now loaded: 0)
System memory in use before: 67.9 MB.
System memory in use after: 67.9 MB.

Unloading 19 unused Assets to reduce memory usage. Loaded Objects now: 1822.
Total: 3.095700 ms (FindLiveObjects: 0.179300 ms CreateObjectMapping: 0.041100 ms MarkObjects: 2.657500 ms  DeleteObjects: 0.215100 ms)

========================================================================
Received Import Request.
  path: Assets/Prefabs/Level/Environment.prefab
  artifactKey: Guid(149d6dcc67e8d1240bbc0dd6ddf0c1bd) Importer(815301076,1909f56bfc062723c751e8b465ee728b)
Start importing Assets/Prefabs/Level/Environment.prefab using Guid(149d6dcc67e8d1240bbc0dd6ddf0c1bd) Importer(815301076,1909f56bfc062723c751e8b465ee728b)  -> (artifact id: '1c2d243ff7e8be82d2c18d6e24eebd54') in 0.424462 seconds
  Import took 0.435541 seconds .

========================================================================
Received Import Request.
  Time since last request: 0.000973 seconds.
  path: Assets/Prefabs/Level
  artifactKey: Guid(fa756d4bae701534783047664a00c31c) Importer(815301076,1909f56bfc062723c751e8b465ee728b)
Start importing Assets/Prefabs/Level using Guid(fa756d4bae701534783047664a00c31c) Importer(815301076,1909f56bfc062723c751e8b465ee728b)  -> (artifact id: '3328ba67fcbe22a64179de1d65ba68c6') in 0.003624 seconds
  Import took 0.006356 seconds .

========================================================================
Received Import Request.
  Time since last request: 377.226262 seconds.
  path: Assets/Resources
  artifactKey: Guid(97796bfdcd6560d4aabe14fcb4d53290) Importer(815301076,1909f56bfc062723c751e8b465ee728b)
Start importing Assets/Resources using Guid(97796bfdcd6560d4aabe14fcb4d53290) Importer(815301076,1909f56bfc062723c751e8b465ee728b)  -> (artifact id: '4175964145bb51e879557052ef52fb6d') in 0.004177 seconds
  Import took 0.007995 seconds .

========================================================================
Received Import Request.
  Time since last request: 295.523152 seconds.
  path: Assets/Scenes/SampleScene.unity
  artifactKey: Guid(9fc0d4010bbf28b4594072e72b8655ab) Importer(815301076,1909f56bfc062723c751e8b465ee728b)
Start importing Assets/Scenes/SampleScene.unity using Guid(9fc0d4010bbf28b4594072e72b8655ab) Importer(815301076,1909f56bfc062723c751e8b465ee728b)  -> (artifact id: 'c9f2fd9de10092c15629c605684740d8') in 0.007173 seconds
  Import took 0.011564 seconds .

========================================================================
Received Import Request.
  Time since last request: 6.915944 seconds.
  path: Assets/Scenes/InGameScene.unity
  artifactKey: Guid(9fc0d4010bbf28b4594072e72b8655ab) Importer(815301076,1909f56bfc062723c751e8b465ee728b)
Start importing Assets/Scenes/InGameScene.unity using Guid(9fc0d4010bbf28b4594072e72b8655ab) Importer(815301076,1909f56bfc062723c751e8b465ee728b)  -> (artifact id: 'b773018dfe3811a595d2924f97d01d26') in 0.005456 seconds
  Import took 0.008165 seconds .

========================================================================
Received Prepare
Registering precompiled user dll's ...
Registered in 2.503239 seconds.
Begin MonoManager ReloadAssembly
Native extension for WindowsStandalone target not found
Native extension for WebGL target not found
Refreshing native plugins compatible for Editor in 1.32 ms, found 2 plugins.
Preloading 0 native plugins for Editor in 0.00 ms.
Mono: successfully reloaded assembly
- Completed reload, in 12.743 seconds
Platform modules already initialized, skipping
Refreshing native plugins compatible for Editor in 0.97 ms, found 2 plugins.
Preloading 0 native plugins for Editor in 0.00 ms.
Unloading 1381 Unused Serialized files (Serialized files now loaded: 0)
System memory in use before: 70.9 MB.
System memory in use after: 71.0 MB.

Unloading 14 unused Assets to reduce memory usage. Loaded Objects now: 1833.
Total: 227.893400 ms (FindLiveObjects: 0.463400 ms CreateObjectMapping: 0.264900 ms MarkObjects: 226.576700 ms  DeleteObjects: 0.584100 ms)

========================================================================
Received Prepare
Registering precompiled user dll's ...
Registered in 0.023250 seconds.
Begin MonoManager ReloadAssembly
Native extension for WindowsStandalone target not found
Native extension for WebGL target not found
Refreshing native plugins compatible for Editor in 0.92 ms, found 2 plugins.
Preloading 0 native plugins for Editor in 0.00 ms.
Mono: successfully reloaded assembly
- Completed reload, in 14.876 seconds
Platform modules already initialized, skipping
Refreshing native plugins compatible for Editor in 0.96 ms, found 2 plugins.
Preloading 0 native plugins for Editor in 0.00 ms.
Unloading 1381 Unused Serialized files (Serialized files now loaded: 0)
System memory in use before: 71.0 MB.
System memory in use after: 71.0 MB.

Unloading 14 unused Assets to reduce memory usage. Loaded Objects now: 1836.
Total: 4.487800 ms (FindLiveObjects: 0.497500 ms CreateObjectMapping: 0.147300 ms MarkObjects: 3.729000 ms  DeleteObjects: 0.110500 ms)

========================================================================
Received Import Request.
  Time since last request: 1717.513125 seconds.
  path: Assets/Core/Models
  artifactKey: Guid(8bfae1c3dca9fab488cdee61587a4555) Importer(815301076,1909f56bfc062723c751e8b465ee728b)
Start importing Assets/Core/Models using Guid(8bfae1c3dca9fab488cdee61587a4555) Importer(815301076,1909f56bfc062723c751e8b465ee728b)  -> (artifact id: '8112b80ad00fba1fe5a94551ee2b2bcd') in 5.699707 seconds
  Import took 8.622218 seconds .

========================================================================
Received Import Request.
  Time since last request: 0.001621 seconds.
  path: Assets/Core/Models/Characters/Player.fbx
  artifactKey: Guid(f1d84cc28597f5641a3d9cbc4df7e306) Importer(815301076,1909f56bfc062723c751e8b465ee728b)
Start importing Assets/Core/Models/Characters/Player.fbx using Guid(f1d84cc28597f5641a3d9cbc4df7e306) Importer(815301076,1909f56bfc062723c751e8b465ee728b)  -> (artifact id: '31a7e4c421a8a71d134087398249bb3c') in 41.234483 seconds
  Import took 41.246560 seconds .

========================================================================
Received Import Request.
  Time since last request: 0.000991 seconds.
  path: Assets/Core/Models/Characters
  artifactKey: Guid(c87fa6d50b0ada641b45ec29030e9071) Importer(815301076,1909f56bfc062723c751e8b465ee728b)
Start importing Assets/Core/Models/Characters using Guid(c87fa6d50b0ada641b45ec29030e9071) Importer(815301076,1909f56bfc062723c751e8b465ee728b)  -> (artifact id: '8b459a069d08a050542b0a1299d4d6ab') in 0.065858 seconds
  Import took 0.157711 seconds .

========================================================================
Received Import Request.
  Time since last request: 0.000676 seconds.
  path: Assets/Core/Models/Characters/Hellephant.fbx
  artifactKey: Guid(b77f122f451a2394898a24191c26107c) Importer(815301076,1909f56bfc062723c751e8b465ee728b)
Start importing Assets/Core/Models/Characters/Hellephant.fbx using Guid(b77f122f451a2394898a24191c26107c) Importer(815301076,1909f56bfc062723c751e8b465ee728b)  -> (artifact id: 'd174a899ca5f6d6476af80a4ce34e0f3') in 11.531280 seconds
  Import took 11.634693 seconds .

========================================================================
Received Import Request.
  Time since last request: 254.267984 seconds.
  path: Assets/Scripts
  artifactKey: Guid(a44177c25d792d94f9cda1d9ceea8a92) Importer(815301076,1909f56bfc062723c751e8b465ee728b)
Start importing Assets/Scripts using Guid(a44177c25d792d94f9cda1d9ceea8a92) Importer(815301076,1909f56bfc062723c751e8b465ee728b)  -> (artifact id: 'd4606655437cfa4d65b458b737db17f9') in 0.043324 seconds
  Import took 0.087840 seconds .

========================================================================
Received Import Request.
  Time since last request: 23.114485 seconds.
  path: Assets/Scripts/PlayerMovement.cs
  artifactKey: Guid(113dd70d2cd41244e9f97efd8a6b6b94) Importer(815301076,1909f56bfc062723c751e8b465ee728b)
Start importing Assets/Scripts/PlayerMovement.cs using Guid(113dd70d2cd41244e9f97efd8a6b6b94) Importer(815301076,1909f56bfc062723c751e8b465ee728b)  -> (artifact id: 'c71478aa646ba450eca404ccb6666b7e') in 3.000720 seconds
  Import took 3.694706 seconds .

========================================================================
Received Prepare
Registering precompiled user dll's ...
Registered in 0.012085 seconds.
Begin MonoManager ReloadAssembly
Native extension for WindowsStandalone target not found
Native extension for WebGL target not found
Refreshing native plugins compatible for Editor in 0.97 ms, found 2 plugins.
Preloading 0 native plugins for Editor in 0.00 ms.
Mono: successfully reloaded assembly
- Completed reload, in  1.968 seconds
Platform modules already initialized, skipping
Refreshing native plugins compatible for Editor in 0.43 ms, found 2 plugins.
Preloading 0 native plugins for Editor in 0.00 ms.
Unloading 1382 Unused Serialized files (Serialized files now loaded: 0)
System memory in use before: 84.9 MB.
System memory in use after: 84.9 MB.

Unloading 14 unused Assets to reduce memory usage. Loaded Objects now: 1845.
Total: 3.486500 ms (FindLiveObjects: 0.218400 ms CreateObjectMapping: 0.057600 ms MarkObjects: 2.794100 ms  DeleteObjects: 0.414700 ms)

AssetImportWorkerClient::OnTransportError - code=2 error=End of file
